2026-03-26 19:08:33 | INFO | train | Using one GPU: cuda.
2026-03-26 19:08:33 | INFO | train | Model parameters: Namespace(dim_bert=768, dim_hidden=512, n_gram=3, n_loss=3, use_word_vec=False, max_length_sen=256, learning_rate=0.001, lr_word_vector=0.0001, lr_bert=1e-05, weight_decay=0, embedding_dropout_rate=0.5, linear_dropout_rate=0.5, lambda1=1, lambda2=1, iter_num=100000, batch_size=6, seed=2021, anchor='anchor', rnn_type='LSTM', segment_type='char', model_type='BertConCap', optim_type='Adam', label_path='./config/iscxvpn_2_label.conf', use_pretrain_bert=True, bert_is_array=True, bert_config_path='./config/uncased_L-12_H-768_A-12/bert_config.json', bert_vocab_path='./config/uncased_L-12_H-768_A-12/vocab.txt', bert_pretrained_path='./saved_model/english_bert_base.bin', pretrained_model_path='./saved_model/model-f1_macro-650.pth', gpu_mode=1, local_rank=0, max_checkpoint=4096, sampled_num=1200, per_checkpoint=256, dp_mode_gpu_num=-1, language='en', data_dir='C:\\dl\\PacRep\\./data/benchmark/iscxvpn_pacrep_balanced', has_valid=1, auto_clean_model_mode=1, breakpoint=-1, name_model='iscxvpn_pacrep_balanced', config_path='./config/model-en.conf', multi_gpu=None)
2026-03-26 19:08:33 | INFO | train | Num of worker in data loader is: 0
2026-03-26 19:08:33 | INFO | train | task detail: {'0': {'is_valid': True, 'contribution': 2, 'value': 2}, '1': {'is_valid': False, 'contribution': 16, 'value': 16}, '2': {'is_valid': False, 'contribution': 2, 'value': 2}, '3': {'is_valid': False, 'contribution': 5, 'value': 5}, '4': {'is_valid': False, 'contribution': 2, 'value': 2}, '5': {'is_valid': False, 'contribution': 19, 'value': 19}}
2026-03-26 19:08:40 | INFO | deepnet.data.dataset_text | Use general data sampler.
2026-03-26 19:08:41 | INFO | train | Dataset Statictis(only for evaluation): train: 1200
2026-03-26 19:08:41 | INFO | train | Dataset Statictis(only for evaluation): valid: 600
2026-03-26 19:08:41 | INFO | train | Dataset Statictis(only for evaluation): test: 600
2026-03-26 19:08:41 | INFO | train | ----------------------------------------------------------------------------------
2026-03-26 19:08:41 | INFO | train | Time of iter training 0.00 s
2026-03-26 19:08:41 | INFO | train | On iter step 0:, global step 0 Loss-step [1.0000 1.0000 1.0000]
2026-03-26 19:10:00 | INFO | train | In dataset train: Loss is [3.1763 2.1834 0.9929]
2026-03-26 19:10:00 | INFO | train | task-0		Acc is 0.4950, F1 is 0.4950
2026-03-26 19:10:00 | INFO | train | task-0		F1-macro is 0.3311, F1-micro is 0.4950
2026-03-26 19:10:00 | INFO | train | task-0		Pre is 0.4950, Rec is 0.4950
2026-03-26 19:10:00 | INFO | train | task-0		C_M is 
[[  0 606]
 [  0 594]]
2026-03-26 19:10:41 | INFO | train | In dataset valid: Loss is [3.6527 2.6584 0.9943]
2026-03-26 19:10:41 | INFO | train | task-0		Acc is 0.2867, F1 is 0.2867
2026-03-26 19:10:41 | INFO | train | task-0		F1-macro is 0.2228, F1-micro is 0.2867
2026-03-26 19:10:41 | INFO | train | task-0		Pre is 0.2867, Rec is 0.2867
2026-03-26 19:10:41 | INFO | train | task-0		C_M is 
[[  0 428]
 [  0 172]]
2026-03-26 19:11:18 | INFO | train | In dataset test: Loss is [3.6035 2.6146 0.9889]
2026-03-26 19:11:18 | INFO | train | task-0		Acc is 0.2933, F1 is 0.2933
2026-03-26 19:11:18 | INFO | train | task-0		F1-macro is 0.2268, F1-micro is 0.2933
2026-03-26 19:11:18 | INFO | train | task-0		Pre is 0.2933, Rec is 0.2933
2026-03-26 19:11:18 | INFO | train | task-0		C_M is 
[[  0 424]
 [  0 176]]
2026-03-26 19:11:19 | INFO | train | The best f1_macro util now is 0.2268, at step 0
2026-03-26 19:11:22 | INFO | train | The best f1_micro util now is 0.2933, at step 0
2026-03-26 19:13:42 | INFO | train | ----------------------------------------------------------------------------------
2026-03-26 19:13:42 | INFO | train | Time of iter training 140.01 s
2026-03-26 19:13:42 | INFO | train | On iter step 1:, global step 256 Loss-step [1.4902 1.0893 0.4009]
2026-03-26 19:14:57 | INFO | train | In dataset train: Loss is [0.7470 0.6433 0.1036]
2026-03-26 19:14:57 | INFO | train | task-0		Acc is 0.9667, F1 is 0.9667
2026-03-26 19:14:57 | INFO | train | task-0		F1-macro is 0.9666, F1-micro is 0.9667
2026-03-26 19:14:57 | INFO | train | task-0		Pre is 0.9667, Rec is 0.9667
2026-03-26 19:14:57 | INFO | train | task-0		C_M is 
[[606   0]
 [ 40 554]]
2026-03-26 19:15:32 | INFO | train | In dataset valid: Loss is [0.8333 0.7942 0.0391]
2026-03-26 19:15:32 | INFO | train | task-0		Acc is 0.9850, F1 is 0.9850
2026-03-26 19:15:32 | INFO | train | task-0		F1-macro is 0.9814, F1-micro is 0.9850
2026-03-26 19:15:32 | INFO | train | task-0		Pre is 0.9850, Rec is 0.9850
2026-03-26 19:15:32 | INFO | train | task-0		C_M is 
[[428   0]
 [  9 163]]
2026-03-26 19:16:08 | INFO | train | In dataset test: Loss is [0.8516 0.7977 0.0539]
2026-03-26 19:16:08 | INFO | train | task-0		Acc is 0.9800, F1 is 0.9800
2026-03-26 19:16:08 | INFO | train | task-0		F1-macro is 0.9754, F1-micro is 0.9800
2026-03-26 19:16:08 | INFO | train | task-0		Pre is 0.9800, Rec is 0.9800
2026-03-26 19:16:08 | INFO | train | task-0		C_M is 
[[424   0]
 [ 12 164]]
2026-03-26 19:16:09 | INFO | train | The best f1_macro util now is 0.9754, at step 1
2026-03-26 19:16:11 | INFO | train | The best f1_micro util now is 0.9800, at step 1
2026-03-26 19:18:24 | INFO | train | ----------------------------------------------------------------------------------
2026-03-26 19:18:24 | INFO | train | Time of iter training 133.25 s
2026-03-26 19:18:24 | INFO | train | On iter step 2:, global step 512 Loss-step [0.7836 0.6711 0.1125]
2026-03-26 19:19:35 | INFO | train | In dataset train: Loss is [0.6787 0.5838 0.0950]
2026-03-26 19:19:35 | INFO | train | task-0		Acc is 0.9667, F1 is 0.9667
2026-03-26 19:19:35 | INFO | train | task-0		F1-macro is 0.9666, F1-micro is 0.9667
2026-03-26 19:19:35 | INFO | train | task-0		Pre is 0.9667, Rec is 0.9667
2026-03-26 19:19:35 | INFO | train | task-0		C_M is 
[[606   0]
 [ 40 554]]
2026-03-26 19:20:12 | INFO | train | In dataset valid: Loss is [0.7185 0.6831 0.0354]
2026-03-26 19:20:12 | INFO | train | task-0		Acc is 0.9850, F1 is 0.9850
2026-03-26 19:20:12 | INFO | train | task-0		F1-macro is 0.9814, F1-micro is 0.9850
2026-03-26 19:20:12 | INFO | train | task-0		Pre is 0.9850, Rec is 0.9850
2026-03-26 19:20:12 | INFO | train | task-0		C_M is 
[[428   0]
 [  9 163]]
2026-03-26 19:20:48 | INFO | train | In dataset test: Loss is [0.7441 0.6932 0.0509]
2026-03-26 19:20:48 | INFO | train | task-0		Acc is 0.9800, F1 is 0.9800
2026-03-26 19:20:48 | INFO | train | task-0		F1-macro is 0.9754, F1-micro is 0.9800
2026-03-26 19:20:48 | INFO | train | task-0		Pre is 0.9800, Rec is 0.9800
2026-03-26 19:20:48 | INFO | train | task-0		C_M is 
[[424   0]
 [ 12 164]]
2026-03-26 19:20:48 | INFO | train | The best f1_macro util now is 0.9754, at step 1
2026-03-26 19:20:48 | INFO | train | The best f1_micro util now is 0.9800, at step 1
2026-03-26 19:23:26 | INFO | train | ----------------------------------------------------------------------------------
2026-03-26 19:23:26 | INFO | train | Time of iter training 158.16 s
2026-03-26 19:23:26 | INFO | train | On iter step 3:, global step 768 Loss-step [0.6258 0.5100 0.1158]
2026-03-26 19:24:55 | INFO | train | In dataset train: Loss is [0.3778 0.2806 0.0972]
2026-03-26 19:24:55 | INFO | train | task-0		Acc is 0.9667, F1 is 0.9667
2026-03-26 19:24:55 | INFO | train | task-0		F1-macro is 0.9666, F1-micro is 0.9667
2026-03-26 19:24:55 | INFO | train | task-0		Pre is 0.9667, Rec is 0.9667
2026-03-26 19:24:55 | INFO | train | task-0		C_M is 
[[606   0]
 [ 40 554]]
2026-03-26 19:25:43 | INFO | train | In dataset valid: Loss is [0.3087 0.2725 0.0363]
2026-03-26 19:25:43 | INFO | train | task-0		Acc is 0.9850, F1 is 0.9850
2026-03-26 19:25:43 | INFO | train | task-0		F1-macro is 0.9814, F1-micro is 0.9850
2026-03-26 19:25:43 | INFO | train | task-0		Pre is 0.9850, Rec is 0.9850
2026-03-26 19:25:43 | INFO | train | task-0		C_M is 
[[428   0]
 [  9 163]]
2026-03-26 19:26:28 | INFO | train | In dataset test: Loss is [0.3414 0.2900 0.0514]
2026-03-26 19:26:28 | INFO | train | task-0		Acc is 0.9800, F1 is 0.9800
2026-03-26 19:26:28 | INFO | train | task-0		F1-macro is 0.9754, F1-micro is 0.9800
2026-03-26 19:26:28 | INFO | train | task-0		Pre is 0.9800, Rec is 0.9800
2026-03-26 19:26:28 | INFO | train | task-0		C_M is 
[[424   0]
 [ 12 164]]
2026-03-26 19:26:28 | INFO | train | The best f1_macro util now is 0.9754, at step 1
2026-03-26 19:26:28 | INFO | train | The best f1_micro util now is 0.9800, at step 1
2026-03-26 19:29:10 | INFO | train | ----------------------------------------------------------------------------------
2026-03-26 19:29:10 | INFO | train | Time of iter training 161.84 s
2026-03-26 19:29:10 | INFO | train | On iter step 4:, global step 1024 Loss-step [0.6967 0.5718 0.1249]
2026-03-26 19:30:20 | INFO | train | In dataset train: Loss is [0.4728 0.3883 0.0845]
2026-03-26 19:30:20 | INFO | train | task-0		Acc is 0.9667, F1 is 0.9667
2026-03-26 19:30:20 | INFO | train | task-0		F1-macro is 0.9666, F1-micro is 0.9667
2026-03-26 19:30:20 | INFO | train | task-0		Pre is 0.9667, Rec is 0.9667
2026-03-26 19:30:20 | INFO | train | task-0		C_M is 
[[606   0]
 [ 40 554]]
2026-03-26 19:30:54 | INFO | train | In dataset valid: Loss is [0.4344 0.3961 0.0383]
2026-03-26 19:30:54 | INFO | train | task-0		Acc is 0.9850, F1 is 0.9850
2026-03-26 19:30:54 | INFO | train | task-0		F1-macro is 0.9814, F1-micro is 0.9850
2026-03-26 19:30:54 | INFO | train | task-0		Pre is 0.9850, Rec is 0.9850
2026-03-26 19:30:54 | INFO | train | task-0		C_M is 
[[428   0]
 [  9 163]]
2026-03-26 19:31:27 | INFO | train | In dataset test: Loss is [0.4325 0.3813 0.0512]
2026-03-26 19:31:27 | INFO | train | task-0		Acc is 0.9800, F1 is 0.9800
2026-03-26 19:31:27 | INFO | train | task-0		F1-macro is 0.9754, F1-micro is 0.9800
2026-03-26 19:31:27 | INFO | train | task-0		Pre is 0.9800, Rec is 0.9800
2026-03-26 19:31:27 | INFO | train | task-0		C_M is 
[[424   0]
 [ 12 164]]
2026-03-26 19:31:27 | INFO | train | The best f1_macro util now is 0.9754, at step 1
2026-03-26 19:31:27 | INFO | train | The best f1_micro util now is 0.9800, at step 1
2026-03-26 19:33:40 | INFO | train | ----------------------------------------------------------------------------------
2026-03-26 19:33:40 | INFO | train | Time of iter training 132.34 s
2026-03-26 19:33:40 | INFO | train | On iter step 5:, global step 1280 Loss-step [0.3977 0.3052 0.0925]
2026-03-26 19:34:51 | INFO | train | In dataset train: Loss is [0.2532 0.1782 0.0750]
2026-03-26 19:34:51 | INFO | train | task-0		Acc is 0.9667, F1 is 0.9667
2026-03-26 19:34:51 | INFO | train | task-0		F1-macro is 0.9666, F1-micro is 0.9667
2026-03-26 19:34:51 | INFO | train | task-0		Pre is 0.9667, Rec is 0.9667
2026-03-26 19:34:51 | INFO | train | task-0		C_M is 
[[606   0]
 [ 40 554]]
2026-03-26 19:35:26 | INFO | train | In dataset valid: Loss is [0.1900 0.1603 0.0297]
2026-03-26 19:35:26 | INFO | train | task-0		Acc is 0.9850, F1 is 0.9850
2026-03-26 19:35:26 | INFO | train | task-0		F1-macro is 0.9814, F1-micro is 0.9850
2026-03-26 19:35:26 | INFO | train | task-0		Pre is 0.9850, Rec is 0.9850
2026-03-26 19:35:26 | INFO | train | task-0		C_M is 
[[428   0]
 [  9 163]]
2026-03-26 19:35:59 | INFO | train | In dataset test: Loss is [0.2005 0.1628 0.0376]
2026-03-26 19:35:59 | INFO | train | task-0		Acc is 0.9800, F1 is 0.9800
2026-03-26 19:35:59 | INFO | train | task-0		F1-macro is 0.9754, F1-micro is 0.9800
2026-03-26 19:35:59 | INFO | train | task-0		Pre is 0.9800, Rec is 0.9800
2026-03-26 19:35:59 | INFO | train | task-0		C_M is 
[[424   0]
 [ 12 164]]
2026-03-26 19:35:59 | INFO | train | The best f1_macro util now is 0.9754, at step 1
2026-03-26 19:35:59 | INFO | train | The best f1_micro util now is 0.9800, at step 1
2026-03-26 19:38:09 | INFO | train | ----------------------------------------------------------------------------------
2026-03-26 19:38:09 | INFO | train | Time of iter training 129.22 s
2026-03-26 19:38:09 | INFO | train | On iter step 6:, global step 1536 Loss-step [0.3611 0.2548 0.1063]
2026-03-26 19:39:18 | INFO | train | In dataset train: Loss is [0.2465 0.1549 0.0915]
2026-03-26 19:39:18 | INFO | train | task-0		Acc is 0.9667, F1 is 0.9667
2026-03-26 19:39:18 | INFO | train | task-0		F1-macro is 0.9666, F1-micro is 0.9667
2026-03-26 19:39:18 | INFO | train | task-0		Pre is 0.9667, Rec is 0.9667
2026-03-26 19:39:18 | INFO | train | task-0		C_M is 
[[606   0]
 [ 40 554]]
2026-03-26 19:39:53 | INFO | train | In dataset valid: Loss is [0.1938 0.1572 0.0365]
2026-03-26 19:39:53 | INFO | train | task-0		Acc is 0.9850, F1 is 0.9850
2026-03-26 19:39:53 | INFO | train | task-0		F1-macro is 0.9814, F1-micro is 0.9850
2026-03-26 19:39:53 | INFO | train | task-0		Pre is 0.9850, Rec is 0.9850
2026-03-26 19:39:53 | INFO | train | task-0		C_M is 
[[428   0]
 [  9 163]]
2026-03-26 19:40:28 | INFO | train | In dataset test: Loss is [0.2215 0.1709 0.0506]
2026-03-26 19:40:28 | INFO | train | task-0		Acc is 0.9800, F1 is 0.9800
2026-03-26 19:40:28 | INFO | train | task-0		F1-macro is 0.9754, F1-micro is 0.9800
2026-03-26 19:40:28 | INFO | train | task-0		Pre is 0.9800, Rec is 0.9800
2026-03-26 19:40:28 | INFO | train | task-0		C_M is 
[[424   0]
 [ 12 164]]
2026-03-26 19:40:28 | INFO | train | The best f1_macro util now is 0.9754, at step 1
2026-03-26 19:40:28 | INFO | train | The best f1_micro util now is 0.9800, at step 1
