2026-03-26 14:31:59 | INFO | train | Using one GPU: cuda.
2026-03-26 14:31:59 | INFO | train | Model parameters: Namespace(dim_bert=768, dim_hidden=512, n_gram=3, n_loss=3, use_word_vec=False, max_length_sen=256, learning_rate=0.001, lr_word_vector=0.0001, lr_bert=1e-05, weight_decay=0, embedding_dropout_rate=0.5, linear_dropout_rate=0.5, lambda1=1, lambda2=1, iter_num=100000, batch_size=6, seed=2021, anchor='anchor', rnn_type='LSTM', segment_type='char', model_type='BertConCap', optim_type='Adam', label_path='./config/iscxvpn_2_label.conf', use_pretrain_bert=True, bert_is_array=True, bert_config_path='./config/uncased_L-12_H-768_A-12/bert_config.json', bert_vocab_path='./config/uncased_L-12_H-768_A-12/vocab.txt', bert_pretrained_path='./saved_model/english_bert_base.bin', pretrained_model_path='./saved_model/model-f1_macro-650.pth', gpu_mode=1, local_rank=0, max_checkpoint=4096, sampled_num=1200, per_checkpoint=256, dp_mode_gpu_num=-1, language='en', data_dir='C:\\dl\\PacRep\\./data/benchmark/iscxvpn_pacrep', has_valid=1, auto_clean_model_mode=1, breakpoint=-1, name_model='iscxvpn_pacrep', config_path='./config/model-en.conf', multi_gpu=None)
2026-03-26 14:31:59 | INFO | train | Num of worker in data loader is: 0
2026-03-26 14:31:59 | INFO | train | task detail: {'0': {'is_valid': True, 'contribution': 2, 'value': 2}, '1': {'is_valid': False, 'contribution': 16, 'value': 16}, '2': {'is_valid': False, 'contribution': 2, 'value': 2}, '3': {'is_valid': False, 'contribution': 5, 'value': 5}, '4': {'is_valid': False, 'contribution': 2, 'value': 2}, '5': {'is_valid': False, 'contribution': 19, 'value': 19}}
2026-03-26 14:32:08 | INFO | deepnet.data.dataset_text | Use general data sampler.
2026-03-26 14:32:08 | INFO | train | Dataset Statictis(only for evaluation): train: 1200
2026-03-26 14:32:09 | INFO | train | Dataset Statictis(only for evaluation): valid: 600
2026-03-26 14:32:09 | INFO | train | Dataset Statictis(only for evaluation): test: 600
2026-03-26 14:32:09 | INFO | train | ----------------------------------------------------------------------------------
2026-03-26 14:32:09 | INFO | train | Time of iter training 0.00 s
2026-03-26 14:32:09 | INFO | train | On iter step 0:, global step 0 Loss-step [1.0000 1.0000 1.0000]
2026-03-26 14:33:24 | INFO | train | In dataset train: Loss is [3.7992 2.8153 0.9840]
2026-03-26 14:33:24 | INFO | train | task-0		Acc is 0.2467, F1 is 0.2467
2026-03-26 14:33:24 | INFO | train | task-0		F1-macro is 0.1979, F1-micro is 0.2467
2026-03-26 14:33:24 | INFO | train | task-0		Pre is 0.2467, Rec is 0.2467
2026-03-26 14:33:24 | INFO | train | task-0		C_M is 
[[  0 904]
 [  0 296]]
2026-03-26 14:33:59 | INFO | train | In dataset valid: Loss is [3.6527 2.6584 0.9943]
2026-03-26 14:33:59 | INFO | train | task-0		Acc is 0.2867, F1 is 0.2867
2026-03-26 14:33:59 | INFO | train | task-0		F1-macro is 0.2228, F1-micro is 0.2867
2026-03-26 14:33:59 | INFO | train | task-0		Pre is 0.2867, Rec is 0.2867
2026-03-26 14:33:59 | INFO | train | task-0		C_M is 
[[  0 428]
 [  0 172]]
2026-03-26 14:34:35 | INFO | train | In dataset test: Loss is [3.6035 2.6146 0.9889]
2026-03-26 14:34:35 | INFO | train | task-0		Acc is 0.2933, F1 is 0.2933
2026-03-26 14:34:35 | INFO | train | task-0		F1-macro is 0.2268, F1-micro is 0.2933
2026-03-26 14:34:35 | INFO | train | task-0		Pre is 0.2933, Rec is 0.2933
2026-03-26 14:34:35 | INFO | train | task-0		C_M is 
[[  0 424]
 [  0 176]]
2026-03-26 14:34:36 | INFO | train | The best f1_macro util now is 0.2268, at step 0
2026-03-26 14:34:38 | INFO | train | The best f1_micro util now is 0.2933, at step 0
2026-03-26 14:36:54 | INFO | train | ----------------------------------------------------------------------------------
2026-03-26 14:36:54 | INFO | train | Time of iter training 135.30 s
2026-03-26 14:36:54 | INFO | train | On iter step 1:, global step 256 Loss-step [1.3322 1.0917 0.2405]
2026-03-26 14:38:01 | INFO | train | In dataset train: Loss is [0.6343 0.5743 0.0600]
2026-03-26 14:38:01 | INFO | train | task-0		Acc is 0.7533, F1 is 0.7533
2026-03-26 14:38:01 | INFO | train | task-0		F1-macro is 0.4297, F1-micro is 0.7533
2026-03-26 14:38:01 | INFO | train | task-0		Pre is 0.7533, Rec is 0.7533
2026-03-26 14:38:01 | INFO | train | task-0		C_M is 
[[904   0]
 [296   0]]
2026-03-26 14:38:37 | INFO | train | In dataset valid: Loss is [0.6912 0.6473 0.0440]
2026-03-26 14:38:37 | INFO | train | task-0		Acc is 0.7133, F1 is 0.7133
2026-03-26 14:38:37 | INFO | train | task-0		F1-macro is 0.4163, F1-micro is 0.7133
2026-03-26 14:38:37 | INFO | train | task-0		Pre is 0.7133, Rec is 0.7133
2026-03-26 14:38:37 | INFO | train | task-0		C_M is 
[[428   0]
 [172   0]]
2026-03-26 14:39:24 | INFO | train | In dataset test: Loss is [0.7263 0.6674 0.0589]
2026-03-26 14:39:24 | INFO | train | task-0		Acc is 0.7067, F1 is 0.7067
2026-03-26 14:39:24 | INFO | train | task-0		F1-macro is 0.4141, F1-micro is 0.7067
2026-03-26 14:39:24 | INFO | train | task-0		Pre is 0.7067, Rec is 0.7067
2026-03-26 14:39:24 | INFO | train | task-0		C_M is 
[[424   0]
 [176   0]]
2026-03-26 14:39:25 | INFO | train | The best f1_macro util now is 0.4141, at step 1
2026-03-26 14:39:27 | INFO | train | The best f1_micro util now is 0.7067, at step 1
2026-03-26 14:41:52 | INFO | train | ----------------------------------------------------------------------------------
2026-03-26 14:41:52 | INFO | train | Time of iter training 145.43 s
2026-03-26 14:41:52 | INFO | train | On iter step 2:, global step 512 Loss-step [0.7372 0.6588 0.0784]
2026-03-26 14:43:00 | INFO | train | In dataset train: Loss is [0.6438 0.6023 0.0416]
2026-03-26 14:43:00 | INFO | train | task-0		Acc is 0.7533, F1 is 0.7533
2026-03-26 14:43:00 | INFO | train | task-0		F1-macro is 0.4297, F1-micro is 0.7533
2026-03-26 14:43:00 | INFO | train | task-0		Pre is 0.7533, Rec is 0.7533
2026-03-26 14:43:00 | INFO | train | task-0		C_M is 
[[904   0]
 [296   0]]
2026-03-26 14:43:33 | INFO | train | In dataset valid: Loss is [0.7007 0.6680 0.0327]
2026-03-26 14:43:33 | INFO | train | task-0		Acc is 0.7133, F1 is 0.7133
2026-03-26 14:43:33 | INFO | train | task-0		F1-macro is 0.4163, F1-micro is 0.7133
2026-03-26 14:43:33 | INFO | train | task-0		Pre is 0.7133, Rec is 0.7133
2026-03-26 14:43:33 | INFO | train | task-0		C_M is 
[[428   0]
 [172   0]]
2026-03-26 14:44:06 | INFO | train | In dataset test: Loss is [0.7216 0.6820 0.0396]
2026-03-26 14:44:06 | INFO | train | task-0		Acc is 0.7067, F1 is 0.7067
2026-03-26 14:44:06 | INFO | train | task-0		F1-macro is 0.4141, F1-micro is 0.7067
2026-03-26 14:44:06 | INFO | train | task-0		Pre is 0.7067, Rec is 0.7067
2026-03-26 14:44:06 | INFO | train | task-0		C_M is 
[[424   0]
 [176   0]]
2026-03-26 14:44:06 | INFO | train | The best f1_macro util now is 0.4141, at step 1
2026-03-26 14:44:06 | INFO | train | The best f1_micro util now is 0.7067, at step 1
2026-03-26 14:46:16 | INFO | train | ----------------------------------------------------------------------------------
2026-03-26 14:46:16 | INFO | train | Time of iter training 129.65 s
2026-03-26 14:46:16 | INFO | train | On iter step 3:, global step 768 Loss-step [0.6475 0.5941 0.0534]
2026-03-26 14:47:43 | INFO | train | In dataset train: Loss is [0.7133 0.6537 0.0596]
2026-03-26 14:47:43 | INFO | train | task-0		Acc is 0.7533, F1 is 0.7533
2026-03-26 14:47:43 | INFO | train | task-0		F1-macro is 0.4297, F1-micro is 0.7533
2026-03-26 14:47:43 | INFO | train | task-0		Pre is 0.7533, Rec is 0.7533
2026-03-26 14:47:43 | INFO | train | task-0		C_M is 
[[904   0]
 [296   0]]
2026-03-26 14:48:30 | INFO | train | In dataset valid: Loss is [0.7450 0.6997 0.0453]
2026-03-26 14:48:30 | INFO | train | task-0		Acc is 0.7133, F1 is 0.7133
2026-03-26 14:48:30 | INFO | train | task-0		F1-macro is 0.4163, F1-micro is 0.7133
2026-03-26 14:48:30 | INFO | train | task-0		Pre is 0.7133, Rec is 0.7133
2026-03-26 14:48:30 | INFO | train | task-0		C_M is 
[[428   0]
 [172   0]]
2026-03-26 14:49:16 | INFO | train | In dataset test: Loss is [0.7995 0.7405 0.0590]
2026-03-26 14:49:16 | INFO | train | task-0		Acc is 0.7067, F1 is 0.7067
2026-03-26 14:49:16 | INFO | train | task-0		F1-macro is 0.4141, F1-micro is 0.7067
2026-03-26 14:49:16 | INFO | train | task-0		Pre is 0.7067, Rec is 0.7067
2026-03-26 14:49:16 | INFO | train | task-0		C_M is 
[[424   0]
 [176   0]]
2026-03-26 14:49:16 | INFO | train | The best f1_macro util now is 0.4141, at step 1
2026-03-26 14:49:16 | INFO | train | The best f1_micro util now is 0.7067, at step 1
2026-03-26 14:51:56 | INFO | train | ----------------------------------------------------------------------------------
2026-03-26 14:51:56 | INFO | train | Time of iter training 160.07 s
2026-03-26 14:51:56 | INFO | train | On iter step 4:, global step 1024 Loss-step [0.8084 0.7350 0.0734]
2026-03-26 14:53:24 | INFO | train | In dataset train: Loss is [0.6740 0.6196 0.0544]
2026-03-26 14:53:24 | INFO | train | task-0		Acc is 0.7533, F1 is 0.7533
2026-03-26 14:53:24 | INFO | train | task-0		F1-macro is 0.4297, F1-micro is 0.7533
2026-03-26 14:53:24 | INFO | train | task-0		Pre is 0.7533, Rec is 0.7533
2026-03-26 14:53:24 | INFO | train | task-0		C_M is 
[[904   0]
 [296   0]]
2026-03-26 14:54:09 | INFO | train | In dataset valid: Loss is [0.6985 0.6596 0.0389]
2026-03-26 14:54:09 | INFO | train | task-0		Acc is 0.7133, F1 is 0.7133
2026-03-26 14:54:09 | INFO | train | task-0		F1-macro is 0.4163, F1-micro is 0.7133
2026-03-26 14:54:09 | INFO | train | task-0		Pre is 0.7133, Rec is 0.7133
2026-03-26 14:54:09 | INFO | train | task-0		C_M is 
[[428   0]
 [172   0]]
2026-03-26 14:54:55 | INFO | train | In dataset test: Loss is [0.7578 0.7051 0.0527]
2026-03-26 14:54:55 | INFO | train | task-0		Acc is 0.7067, F1 is 0.7067
2026-03-26 14:54:55 | INFO | train | task-0		F1-macro is 0.4141, F1-micro is 0.7067
2026-03-26 14:54:55 | INFO | train | task-0		Pre is 0.7067, Rec is 0.7067
2026-03-26 14:54:55 | INFO | train | task-0		C_M is 
[[424   0]
 [176   0]]
2026-03-26 14:54:55 | INFO | train | The best f1_macro util now is 0.4141, at step 1
2026-03-26 14:54:55 | INFO | train | The best f1_micro util now is 0.7067, at step 1
2026-03-26 14:57:32 | INFO | train | ----------------------------------------------------------------------------------
2026-03-26 14:57:32 | INFO | train | Time of iter training 157.38 s
2026-03-26 14:57:32 | INFO | train | On iter step 5:, global step 1280 Loss-step [0.6858 0.6264 0.0593]
2026-03-26 14:59:00 | INFO | train | In dataset train: Loss is [0.5573 0.5250 0.0324]
2026-03-26 14:59:00 | INFO | train | task-0		Acc is 0.7533, F1 is 0.7533
2026-03-26 14:59:00 | INFO | train | task-0		F1-macro is 0.4297, F1-micro is 0.7533
2026-03-26 14:59:00 | INFO | train | task-0		Pre is 0.7533, Rec is 0.7533
2026-03-26 14:59:00 | INFO | train | task-0		C_M is 
[[904   0]
 [296   0]]
2026-03-26 14:59:46 | INFO | train | In dataset valid: Loss is [0.6247 0.5976 0.0271]
2026-03-26 14:59:46 | INFO | train | task-0		Acc is 0.7133, F1 is 0.7133
2026-03-26 14:59:46 | INFO | train | task-0		F1-macro is 0.4163, F1-micro is 0.7133
2026-03-26 14:59:46 | INFO | train | task-0		Pre is 0.7133, Rec is 0.7133
2026-03-26 14:59:46 | INFO | train | task-0		C_M is 
[[428   0]
 [172   0]]
2026-03-26 15:00:33 | INFO | train | In dataset test: Loss is [0.6448 0.6148 0.0300]
2026-03-26 15:00:33 | INFO | train | task-0		Acc is 0.7067, F1 is 0.7067
2026-03-26 15:00:33 | INFO | train | task-0		F1-macro is 0.4141, F1-micro is 0.7067
2026-03-26 15:00:33 | INFO | train | task-0		Pre is 0.7067, Rec is 0.7067
2026-03-26 15:00:33 | INFO | train | task-0		C_M is 
[[424   0]
 [176   0]]
2026-03-26 15:00:33 | INFO | train | The best f1_macro util now is 0.4141, at step 1
2026-03-26 15:00:33 | INFO | train | The best f1_micro util now is 0.7067, at step 1
2026-03-26 15:03:14 | INFO | train | ----------------------------------------------------------------------------------
2026-03-26 15:03:14 | INFO | train | Time of iter training 160.69 s
2026-03-26 15:03:14 | INFO | train | On iter step 6:, global step 1536 Loss-step [0.6193 0.5757 0.0437]
2026-03-26 15:04:44 | INFO | train | In dataset train: Loss is [0.5454 0.5189 0.0266]
2026-03-26 15:04:44 | INFO | train | task-0		Acc is 0.7533, F1 is 0.7533
2026-03-26 15:04:44 | INFO | train | task-0		F1-macro is 0.4297, F1-micro is 0.7533
2026-03-26 15:04:44 | INFO | train | task-0		Pre is 0.7533, Rec is 0.7533
2026-03-26 15:04:44 | INFO | train | task-0		C_M is 
[[904   0]
 [296   0]]
2026-03-26 15:05:29 | INFO | train | In dataset valid: Loss is [0.5977 0.5770 0.0207]
2026-03-26 15:05:29 | INFO | train | task-0		Acc is 0.7133, F1 is 0.7133
2026-03-26 15:05:29 | INFO | train | task-0		F1-macro is 0.4163, F1-micro is 0.7133
2026-03-26 15:05:29 | INFO | train | task-0		Pre is 0.7133, Rec is 0.7133
2026-03-26 15:05:29 | INFO | train | task-0		C_M is 
[[428   0]
 [172   0]]
2026-03-26 15:06:14 | INFO | train | In dataset test: Loss is [0.6221 0.5987 0.0234]
2026-03-26 15:06:14 | INFO | train | task-0		Acc is 0.7067, F1 is 0.7067
2026-03-26 15:06:14 | INFO | train | task-0		F1-macro is 0.4141, F1-micro is 0.7067
2026-03-26 15:06:14 | INFO | train | task-0		Pre is 0.7067, Rec is 0.7067
2026-03-26 15:06:14 | INFO | train | task-0		C_M is 
[[424   0]
 [176   0]]
2026-03-26 15:06:14 | INFO | train | The best f1_macro util now is 0.4141, at step 1
2026-03-26 15:06:14 | INFO | train | The best f1_micro util now is 0.7067, at step 1
2026-03-26 15:08:52 | INFO | train | ----------------------------------------------------------------------------------
2026-03-26 15:08:52 | INFO | train | Time of iter training 158.46 s
2026-03-26 15:08:52 | INFO | train | On iter step 7:, global step 1792 Loss-step [0.5847 0.5433 0.0414]
2026-03-26 15:10:20 | INFO | train | In dataset train: Loss is [0.8948 0.8258 0.0690]
2026-03-26 15:10:20 | INFO | train | task-0		Acc is 0.7533, F1 is 0.7533
2026-03-26 15:10:20 | INFO | train | task-0		F1-macro is 0.4297, F1-micro is 0.7533
2026-03-26 15:10:20 | INFO | train | task-0		Pre is 0.7533, Rec is 0.7533
2026-03-26 15:10:20 | INFO | train | task-0		C_M is 
[[904   0]
 [296   0]]
2026-03-26 15:11:06 | INFO | train | In dataset valid: Loss is [0.7693 0.7330 0.0363]
2026-03-26 15:11:06 | INFO | train | task-0		Acc is 0.7133, F1 is 0.7133
2026-03-26 15:11:06 | INFO | train | task-0		F1-macro is 0.4163, F1-micro is 0.7133
2026-03-26 15:11:06 | INFO | train | task-0		Pre is 0.7133, Rec is 0.7133
2026-03-26 15:11:06 | INFO | train | task-0		C_M is 
[[428   0]
 [172   0]]
2026-03-26 15:11:51 | INFO | train | In dataset test: Loss is [0.9191 0.8622 0.0569]
2026-03-26 15:11:51 | INFO | train | task-0		Acc is 0.7067, F1 is 0.7067
2026-03-26 15:11:51 | INFO | train | task-0		F1-macro is 0.4141, F1-micro is 0.7067
2026-03-26 15:11:51 | INFO | train | task-0		Pre is 0.7067, Rec is 0.7067
2026-03-26 15:11:51 | INFO | train | task-0		C_M is 
[[424   0]
 [176   0]]
2026-03-26 15:11:51 | INFO | train | The best f1_macro util now is 0.4141, at step 1
2026-03-26 15:11:51 | INFO | train | The best f1_micro util now is 0.7067, at step 1
2026-03-26 15:14:28 | INFO | train | ----------------------------------------------------------------------------------
2026-03-26 15:14:28 | INFO | train | Time of iter training 157.11 s
2026-03-26 15:14:28 | INFO | train | On iter step 8:, global step 2048 Loss-step [0.6638 0.6038 0.0600]
2026-03-26 15:15:55 | INFO | train | In dataset train: Loss is [0.7219 0.6670 0.0549]
2026-03-26 15:15:55 | INFO | train | task-0		Acc is 0.7533, F1 is 0.7533
2026-03-26 15:15:55 | INFO | train | task-0		F1-macro is 0.4297, F1-micro is 0.7533
2026-03-26 15:15:55 | INFO | train | task-0		Pre is 0.7533, Rec is 0.7533
2026-03-26 15:15:55 | INFO | train | task-0		C_M is 
[[904   0]
 [296   0]]
2026-03-26 15:16:40 | INFO | train | In dataset valid: Loss is [0.7505 0.7091 0.0414]
2026-03-26 15:16:40 | INFO | train | task-0		Acc is 0.7133, F1 is 0.7133
2026-03-26 15:16:40 | INFO | train | task-0		F1-macro is 0.4163, F1-micro is 0.7133
2026-03-26 15:16:40 | INFO | train | task-0		Pre is 0.7133, Rec is 0.7133
2026-03-26 15:16:40 | INFO | train | task-0		C_M is 
[[428   0]
 [172   0]]
2026-03-26 15:17:25 | INFO | train | In dataset test: Loss is [0.8093 0.7544 0.0549]
2026-03-26 15:17:25 | INFO | train | task-0		Acc is 0.7067, F1 is 0.7067
2026-03-26 15:17:25 | INFO | train | task-0		F1-macro is 0.4141, F1-micro is 0.7067
2026-03-26 15:17:25 | INFO | train | task-0		Pre is 0.7067, Rec is 0.7067
2026-03-26 15:17:25 | INFO | train | task-0		C_M is 
[[424   0]
 [176   0]]
2026-03-26 15:17:25 | INFO | train | The best f1_macro util now is 0.4141, at step 1
2026-03-26 15:17:25 | INFO | train | The best f1_micro util now is 0.7067, at step 1
2026-03-26 15:17:51 | INFO | deepnet.data.dataset_text | Read next training chunk, data size is 12539
2026-03-26 15:20:05 | INFO | train | ----------------------------------------------------------------------------------
2026-03-26 15:20:05 | INFO | train | Time of iter training 159.98 s
2026-03-26 15:20:05 | INFO | train | On iter step 9:, global step 2304 Loss-step [0.6000 0.5540 0.0460]
2026-03-26 15:21:32 | INFO | train | In dataset train: Loss is [0.5325 0.5233 0.0093]
2026-03-26 15:21:32 | INFO | train | task-0		Acc is 0.7533, F1 is 0.7533
2026-03-26 15:21:32 | INFO | train | task-0		F1-macro is 0.4297, F1-micro is 0.7533
2026-03-26 15:21:32 | INFO | train | task-0		Pre is 0.7533, Rec is 0.7533
2026-03-26 15:21:32 | INFO | train | task-0		C_M is 
[[904   0]
 [296   0]]
2026-03-26 15:22:17 | INFO | train | In dataset valid: Loss is [0.5788 0.5741 0.0048]
2026-03-26 15:22:17 | INFO | train | task-0		Acc is 0.7133, F1 is 0.7133
2026-03-26 15:22:17 | INFO | train | task-0		F1-macro is 0.4163, F1-micro is 0.7133
2026-03-26 15:22:17 | INFO | train | task-0		Pre is 0.7133, Rec is 0.7133
2026-03-26 15:22:17 | INFO | train | task-0		C_M is 
[[428   0]
 [172   0]]
2026-03-26 15:23:01 | INFO | train | In dataset test: Loss is [0.5934 0.5881 0.0052]
2026-03-26 15:23:01 | INFO | train | task-0		Acc is 0.7067, F1 is 0.7067
2026-03-26 15:23:01 | INFO | train | task-0		F1-macro is 0.4141, F1-micro is 0.7067
2026-03-26 15:23:01 | INFO | train | task-0		Pre is 0.7067, Rec is 0.7067
2026-03-26 15:23:01 | INFO | train | task-0		C_M is 
[[424   0]
 [176   0]]
2026-03-26 15:23:01 | INFO | train | The best f1_macro util now is 0.4141, at step 1
2026-03-26 15:23:01 | INFO | train | The best f1_micro util now is 0.7067, at step 1
2026-03-26 15:25:37 | INFO | train | ----------------------------------------------------------------------------------
2026-03-26 15:25:37 | INFO | train | Time of iter training 156.12 s
2026-03-26 15:25:37 | INFO | train | On iter step 10:, global step 2560 Loss-step [0.5765 0.5448 0.0317]
2026-03-26 15:27:04 | INFO | train | In dataset train: Loss is [0.5337 0.5126 0.0211]
2026-03-26 15:27:04 | INFO | train | task-0		Acc is 0.7533, F1 is 0.7533
2026-03-26 15:27:04 | INFO | train | task-0		F1-macro is 0.4297, F1-micro is 0.7533
2026-03-26 15:27:04 | INFO | train | task-0		Pre is 0.7533, Rec is 0.7533
2026-03-26 15:27:04 | INFO | train | task-0		C_M is 
[[904   0]
 [296   0]]
2026-03-26 15:27:49 | INFO | train | In dataset valid: Loss is [0.5885 0.5739 0.0146]
2026-03-26 15:27:49 | INFO | train | task-0		Acc is 0.7133, F1 is 0.7133
2026-03-26 15:27:49 | INFO | train | task-0		F1-macro is 0.4163, F1-micro is 0.7133
2026-03-26 15:27:49 | INFO | train | task-0		Pre is 0.7133, Rec is 0.7133
2026-03-26 15:27:49 | INFO | train | task-0		C_M is 
[[428   0]
 [172   0]]
2026-03-26 15:28:34 | INFO | train | In dataset test: Loss is [0.6082 0.5894 0.0188]
2026-03-26 15:28:34 | INFO | train | task-0		Acc is 0.7067, F1 is 0.7067
2026-03-26 15:28:34 | INFO | train | task-0		F1-macro is 0.4141, F1-micro is 0.7067
2026-03-26 15:28:34 | INFO | train | task-0		Pre is 0.7067, Rec is 0.7067
2026-03-26 15:28:34 | INFO | train | task-0		C_M is 
[[424   0]
 [176   0]]
2026-03-26 15:28:34 | INFO | train | The best f1_macro util now is 0.4141, at step 1
2026-03-26 15:28:34 | INFO | train | The best f1_micro util now is 0.7067, at step 1
2026-03-26 15:31:12 | INFO | train | ----------------------------------------------------------------------------------
2026-03-26 15:31:12 | INFO | train | Time of iter training 158.77 s
2026-03-26 15:31:12 | INFO | train | On iter step 11:, global step 2816 Loss-step [0.6174 0.5929 0.0245]
2026-03-26 15:32:40 | INFO | train | In dataset train: Loss is [0.5218 0.5138 0.0081]
2026-03-26 15:32:40 | INFO | train | task-0		Acc is 0.7533, F1 is 0.7533
2026-03-26 15:32:40 | INFO | train | task-0		F1-macro is 0.4297, F1-micro is 0.7533
2026-03-26 15:32:40 | INFO | train | task-0		Pre is 0.7533, Rec is 0.7533
2026-03-26 15:32:40 | INFO | train | task-0		C_M is 
[[904   0]
 [296   0]]
2026-03-26 15:33:27 | INFO | train | In dataset valid: Loss is [0.5755 0.5735 0.0020]
2026-03-26 15:33:27 | INFO | train | task-0		Acc is 0.7133, F1 is 0.7133
2026-03-26 15:33:27 | INFO | train | task-0		F1-macro is 0.4163, F1-micro is 0.7133
2026-03-26 15:33:27 | INFO | train | task-0		Pre is 0.7133, Rec is 0.7133
2026-03-26 15:33:27 | INFO | train | task-0		C_M is 
[[428   0]
 [172   0]]
2026-03-26 15:34:12 | INFO | train | In dataset test: Loss is [0.5893 0.5871 0.0023]
2026-03-26 15:34:12 | INFO | train | task-0		Acc is 0.7067, F1 is 0.7067
2026-03-26 15:34:12 | INFO | train | task-0		F1-macro is 0.4141, F1-micro is 0.7067
2026-03-26 15:34:12 | INFO | train | task-0		Pre is 0.7067, Rec is 0.7067
2026-03-26 15:34:12 | INFO | train | task-0		C_M is 
[[424   0]
 [176   0]]
2026-03-26 15:34:12 | INFO | train | The best f1_macro util now is 0.4141, at step 1
2026-03-26 15:34:12 | INFO | train | The best f1_micro util now is 0.7067, at step 1
