2026-03-26 20:53:35 | INFO | train | Using one GPU: cuda.
2026-03-26 20:53:35 | INFO | train | Model parameters: Namespace(dim_bert=768, dim_hidden=512, n_gram=3, n_loss=3, use_word_vec=False, max_length_sen=256, learning_rate=0.001, lr_word_vector=0.0001, lr_bert=1e-05, weight_decay=0, embedding_dropout_rate=0.5, linear_dropout_rate=0.5, lambda1=1, lambda2=1, iter_num=100000, batch_size=6, seed=2021, anchor='anchor', rnn_type='LSTM', segment_type='char', model_type='BertConCap', optim_type='Adam', label_path='./config/iscxvpn_2_label.conf', use_pretrain_bert=True, bert_is_array=True, bert_config_path='./config/uncased_L-12_H-768_A-12/bert_config.json', bert_vocab_path='./config/uncased_L-12_H-768_A-12/vocab.txt', bert_pretrained_path='./saved_model/english_bert_base.bin', pretrained_model_path='./saved_model/model-f1_macro-650.pth', gpu_mode=1, local_rank=0, max_checkpoint=4096, sampled_num=1200, per_checkpoint=256, dp_mode_gpu_num=-1, language='en', data_dir='C:\\dl\\PacRep\\./data/sample', has_valid=1, auto_clean_model_mode=1, breakpoint=-1, name_model='sample', config_path='./config/model-en.conf', multi_gpu=None)
2026-03-26 20:53:35 | INFO | train | Num of worker in data loader is: 0
2026-03-26 20:53:35 | INFO | train | task detail: {'0': {'is_valid': True, 'contribution': 2, 'value': 2}, '1': {'is_valid': False, 'contribution': 16, 'value': 16}, '2': {'is_valid': False, 'contribution': 2, 'value': 2}, '3': {'is_valid': False, 'contribution': 5, 'value': 5}, '4': {'is_valid': False, 'contribution': 2, 'value': 2}, '5': {'is_valid': False, 'contribution': 19, 'value': 19}}
2026-03-26 20:53:40 | INFO | deepnet.data.dataset_text | Use general data sampler.
2026-03-26 20:53:41 | INFO | train | Dataset Statictis(only for evaluation): train: 1200
2026-03-26 20:53:42 | INFO | train | Dataset Statictis(only for evaluation): valid: 1180
2026-03-26 20:53:43 | INFO | train | Dataset Statictis(only for evaluation): test: 1163
2026-03-26 20:53:43 | INFO | train | ----------------------------------------------------------------------------------
2026-03-26 20:53:43 | INFO | train | Time of iter training 0.00 s
2026-03-26 20:53:43 | INFO | train | On iter step 0:, global step 0 Loss-step [1.0000 1.0000 1.0000]
2026-03-26 20:55:10 | INFO | train | In dataset train: Loss is [3.7000 2.7188 0.9813]
2026-03-26 20:55:10 | INFO | train | task-0		Acc is 0.1380, F1 is 0.1380
2026-03-26 20:55:10 | INFO | train | task-0		F1-macro is 0.1213, F1-micro is 0.1380
2026-03-26 20:55:10 | INFO | train | task-0		Pre is 0.1380, Rec is 0.1380
2026-03-26 20:55:10 | INFO | train | task-0		C_M is 
[[  0 306]
 [  0  49]]
2026-03-26 20:56:23 | INFO | train | In dataset valid: Loss is [3.0813 2.0973 0.9840]
2026-03-26 20:56:23 | INFO | train | task-0		Acc is 0.4914, F1 is 0.4914
2026-03-26 20:56:23 | INFO | train | task-0		F1-macro is 0.3295, F1-micro is 0.4914
2026-03-26 20:56:23 | INFO | train | task-0		Pre is 0.4914, Rec is 0.4914
2026-03-26 20:56:23 | INFO | train | task-0		C_M is 
[[  0 297]
 [  0 287]]
2026-03-26 20:57:36 | INFO | train | In dataset test: Loss is [2.9542 1.9865 0.9677]
2026-03-26 20:57:36 | INFO | train | task-0		Acc is 0.5009, F1 is 0.5009
2026-03-26 20:57:36 | INFO | train | task-0		F1-macro is 0.3337, F1-micro is 0.5009
2026-03-26 20:57:36 | INFO | train | task-0		Pre is 0.5009, Rec is 0.5009
2026-03-26 20:57:36 | INFO | train | task-0		C_M is 
[[  0 283]
 [  0 284]]
2026-03-26 20:57:37 | INFO | train | The best f1_macro util now is 0.3337, at step 0
2026-03-26 20:57:40 | INFO | train | The best f1_micro util now is 0.5009, at step 0
2026-03-26 21:00:26 | INFO | train | ----------------------------------------------------------------------------------
2026-03-26 21:00:26 | INFO | train | Time of iter training 165.92 s
2026-03-26 21:00:26 | INFO | train | On iter step 1:, global step 256 Loss-step [2.2264 1.2988 0.9276]
2026-03-26 21:02:00 | INFO | train | In dataset train: Loss is [1.6311 1.1693 0.4618]
2026-03-26 21:02:00 | INFO | train | task-0		Acc is 0.8620, F1 is 0.8620
2026-03-26 21:02:00 | INFO | train | task-0		F1-macro is 0.4629, F1-micro is 0.8620
2026-03-26 21:02:00 | INFO | train | task-0		Pre is 0.8620, Rec is 0.8620
2026-03-26 21:02:00 | INFO | train | task-0		C_M is 
[[306   0]
 [ 49   0]]
2026-03-26 21:03:31 | INFO | train | In dataset valid: Loss is [3.0389 2.5668 0.4720]
2026-03-26 21:03:31 | INFO | train | task-0		Acc is 0.5086, F1 is 0.5086
2026-03-26 21:03:31 | INFO | train | task-0		F1-macro is 0.3371, F1-micro is 0.5086
2026-03-26 21:03:31 | INFO | train | task-0		Pre is 0.5086, Rec is 0.5086
2026-03-26 21:03:31 | INFO | train | task-0		C_M is 
[[297   0]
 [287   0]]
2026-03-26 21:05:01 | INFO | train | In dataset test: Loss is [2.9336 2.4586 0.4750]
2026-03-26 21:05:01 | INFO | train | task-0		Acc is 0.4991, F1 is 0.4991
2026-03-26 21:05:01 | INFO | train | task-0		F1-macro is 0.3329, F1-micro is 0.4991
2026-03-26 21:05:01 | INFO | train | task-0		Pre is 0.4991, Rec is 0.4991
2026-03-26 21:05:01 | INFO | train | task-0		C_M is 
[[283   0]
 [284   0]]
2026-03-26 21:05:02 | INFO | train | The best f1_macro util now is 0.3329, at step 1
2026-03-26 21:05:03 | INFO | train | The best f1_micro util now is 0.4991, at step 1
2026-03-26 21:08:00 | INFO | train | ----------------------------------------------------------------------------------
2026-03-26 21:08:00 | INFO | train | Time of iter training 176.94 s
2026-03-26 21:08:00 | INFO | train | On iter step 2:, global step 512 Loss-step [1.4303 1.0753 0.3550]
2026-03-26 21:09:33 | INFO | train | In dataset train: Loss is [1.0617 0.8183 0.2434]
2026-03-26 21:09:33 | INFO | train | task-0		Acc is 0.8620, F1 is 0.8620
2026-03-26 21:09:33 | INFO | train | task-0		F1-macro is 0.4629, F1-micro is 0.8620
2026-03-26 21:09:33 | INFO | train | task-0		Pre is 0.8620, Rec is 0.8620
2026-03-26 21:09:33 | INFO | train | task-0		C_M is 
[[306   0]
 [ 49   0]]
2026-03-26 21:11:05 | INFO | train | In dataset valid: Loss is [1.3254 1.0841 0.2414]
2026-03-26 21:11:05 | INFO | train | task-0		Acc is 0.5103, F1 is 0.5103
2026-03-26 21:11:05 | INFO | train | task-0		F1-macro is 0.3410, F1-micro is 0.5103
2026-03-26 21:11:05 | INFO | train | task-0		Pre is 0.5103, Rec is 0.5103
2026-03-26 21:11:05 | INFO | train | task-0		C_M is 
[[297   0]
 [286   1]]
2026-03-26 21:12:36 | INFO | train | In dataset test: Loss is [1.2907 1.0470 0.2437]
2026-03-26 21:12:36 | INFO | train | task-0		Acc is 0.4991, F1 is 0.4991
2026-03-26 21:12:36 | INFO | train | task-0		F1-macro is 0.3329, F1-micro is 0.4991
2026-03-26 21:12:36 | INFO | train | task-0		Pre is 0.4991, Rec is 0.4991
2026-03-26 21:12:36 | INFO | train | task-0		C_M is 
[[283   0]
 [284   0]]
2026-03-26 21:12:37 | INFO | train | The best f1_macro util now is 0.3329, at step 2
2026-03-26 21:12:39 | INFO | train | The best f1_micro util now is 0.4991, at step 2
2026-03-26 21:15:37 | INFO | train | ----------------------------------------------------------------------------------
2026-03-26 21:15:37 | INFO | train | Time of iter training 178.28 s
2026-03-26 21:15:37 | INFO | train | On iter step 3:, global step 768 Loss-step [0.9900 0.7841 0.2059]
2026-03-26 21:17:12 | INFO | train | In dataset train: Loss is [0.6169 0.3826 0.2343]
2026-03-26 21:17:12 | INFO | train | task-0		Acc is 0.8817, F1 is 0.8817
2026-03-26 21:17:12 | INFO | train | task-0		F1-macro is 0.5929, F1-micro is 0.8817
2026-03-26 21:17:12 | INFO | train | task-0		Pre is 0.8817, Rec is 0.8817
2026-03-26 21:17:12 | INFO | train | task-0		C_M is 
[[306   0]
 [ 42   7]]
2026-03-26 21:18:46 | INFO | train | In dataset valid: Loss is [1.2939 1.0591 0.2349]
2026-03-26 21:18:46 | INFO | train | task-0		Acc is 0.6404, F1 is 0.6404
2026-03-26 21:18:46 | INFO | train | task-0		F1-macro is 0.5809, F1-micro is 0.6404
2026-03-26 21:18:46 | INFO | train | task-0		Pre is 0.6404, Rec is 0.6404
2026-03-26 21:18:46 | INFO | train | task-0		C_M is 
[[297   0]
 [210  77]]
2026-03-26 21:20:19 | INFO | train | In dataset test: Loss is [1.3443 1.1069 0.2374]
2026-03-26 21:20:19 | INFO | train | task-0		Acc is 0.6190, F1 is 0.6190
2026-03-26 21:20:19 | INFO | train | task-0		F1-macro is 0.5551, F1-micro is 0.6190
2026-03-26 21:20:19 | INFO | train | task-0		Pre is 0.6190, Rec is 0.6190
2026-03-26 21:20:19 | INFO | train | task-0		C_M is 
[[283   0]
 [216  68]]
2026-03-26 21:20:21 | INFO | train | The best f1_macro util now is 0.5551, at step 3
2026-03-26 21:20:23 | INFO | train | The best f1_micro util now is 0.6190, at step 3
2026-03-26 21:23:18 | INFO | train | ----------------------------------------------------------------------------------
2026-03-26 21:23:18 | INFO | train | Time of iter training 175.57 s
2026-03-26 21:23:18 | INFO | train | On iter step 4:, global step 1024 Loss-step [0.7081 0.5016 0.2065]
2026-03-26 21:24:54 | INFO | train | In dataset train: Loss is [0.9324 0.7431 0.1893]
2026-03-26 21:24:54 | INFO | train | task-0		Acc is 0.8930, F1 is 0.8930
2026-03-26 21:24:54 | INFO | train | task-0		F1-macro is 0.6541, F1-micro is 0.8930
2026-03-26 21:24:54 | INFO | train | task-0		Pre is 0.8930, Rec is 0.8930
2026-03-26 21:24:54 | INFO | train | task-0		C_M is 
[[306   0]
 [ 38  11]]
2026-03-26 21:26:32 | INFO | train | In dataset valid: Loss is [1.8572 1.6805 0.1767]
2026-03-26 21:26:32 | INFO | train | task-0		Acc is 0.7654, F1 is 0.7654
2026-03-26 21:26:32 | INFO | train | task-0		F1-macro is 0.7495, F1-micro is 0.7654
2026-03-26 21:26:32 | INFO | train | task-0		Pre is 0.7654, Rec is 0.7654
2026-03-26 21:26:32 | INFO | train | task-0		C_M is 
[[297   0]
 [137 150]]
2026-03-26 21:28:03 | INFO | train | In dataset test: Loss is [1.8211 1.6366 0.1846]
2026-03-26 21:28:03 | INFO | train | task-0		Acc is 0.7390, F1 is 0.7390
2026-03-26 21:28:03 | INFO | train | task-0		F1-macro is 0.7202, F1-micro is 0.7390
2026-03-26 21:28:03 | INFO | train | task-0		Pre is 0.7390, Rec is 0.7390
2026-03-26 21:28:03 | INFO | train | task-0		C_M is 
[[283   0]
 [148 136]]
2026-03-26 21:28:04 | INFO | train | The best f1_macro util now is 0.7202, at step 4
2026-03-26 21:28:06 | INFO | train | The best f1_micro util now is 0.7390, at step 4
2026-03-26 21:30:59 | INFO | train | ----------------------------------------------------------------------------------
2026-03-26 21:30:59 | INFO | train | Time of iter training 172.19 s
2026-03-26 21:30:59 | INFO | train | On iter step 5:, global step 1280 Loss-step [0.6278 0.4420 0.1858]
2026-03-26 21:32:29 | INFO | train | In dataset train: Loss is [0.4266 0.2507 0.1759]
2026-03-26 21:32:29 | INFO | train | task-0		Acc is 0.9239, F1 is 0.9239
2026-03-26 21:32:29 | INFO | train | task-0		F1-macro is 0.7887, F1-micro is 0.9239
2026-03-26 21:32:29 | INFO | train | task-0		Pre is 0.9239, Rec is 0.9239
2026-03-26 21:32:29 | INFO | train | task-0		C_M is 
[[306   0]
 [ 27  22]]
2026-03-26 21:34:02 | INFO | train | In dataset valid: Loss is [0.8384 0.6788 0.1596]
2026-03-26 21:34:02 | INFO | train | task-0		Acc is 0.8767, F1 is 0.8767
2026-03-26 21:34:02 | INFO | train | task-0		F1-macro is 0.8742, F1-micro is 0.8767
2026-03-26 21:34:02 | INFO | train | task-0		Pre is 0.8767, Rec is 0.8767
2026-03-26 21:34:02 | INFO | train | task-0		C_M is 
[[297   0]
 [ 72 215]]
2026-03-26 21:35:32 | INFO | train | In dataset test: Loss is [0.8962 0.7254 0.1707]
2026-03-26 21:35:32 | INFO | train | task-0		Acc is 0.8430, F1 is 0.8430
2026-03-26 21:35:32 | INFO | train | task-0		F1-macro is 0.8392, F1-micro is 0.8430
2026-03-26 21:35:32 | INFO | train | task-0		Pre is 0.8430, Rec is 0.8430
2026-03-26 21:35:32 | INFO | train | task-0		C_M is 
[[283   0]
 [ 89 195]]
2026-03-26 21:35:34 | INFO | train | The best f1_macro util now is 0.8392, at step 5
2026-03-26 21:35:37 | INFO | train | The best f1_micro util now is 0.8430, at step 5
2026-03-26 21:38:27 | INFO | train | ----------------------------------------------------------------------------------
2026-03-26 21:38:27 | INFO | train | Time of iter training 169.76 s
2026-03-26 21:38:27 | INFO | train | On iter step 6:, global step 1536 Loss-step [0.6344 0.4587 0.1757]
2026-03-26 21:40:03 | INFO | train | In dataset train: Loss is [0.3777 0.1963 0.1814]
2026-03-26 21:40:03 | INFO | train | task-0		Acc is 0.9887, F1 is 0.9887
2026-03-26 21:40:03 | INFO | train | task-0		F1-macro is 0.9759, F1-micro is 0.9887
2026-03-26 21:40:03 | INFO | train | task-0		Pre is 0.9887, Rec is 0.9887
2026-03-26 21:40:03 | INFO | train | task-0		C_M is 
[[305   1]
 [  3  46]]
2026-03-26 21:41:43 | INFO | train | In dataset valid: Loss is [0.7274 0.5546 0.1728]
2026-03-26 21:41:43 | INFO | train | task-0		Acc is 0.9829, F1 is 0.9829
2026-03-26 21:41:43 | INFO | train | task-0		F1-macro is 0.9829, F1-micro is 0.9829
2026-03-26 21:41:43 | INFO | train | task-0		Pre is 0.9829, Rec is 0.9829
2026-03-26 21:41:43 | INFO | train | task-0		C_M is 
[[297   0]
 [ 10 277]]
2026-03-26 21:43:18 | INFO | train | In dataset test: Loss is [0.7155 0.5351 0.1804]
2026-03-26 21:43:18 | INFO | train | task-0		Acc is 0.9859, F1 is 0.9859
2026-03-26 21:43:18 | INFO | train | task-0		F1-macro is 0.9859, F1-micro is 0.9859
2026-03-26 21:43:18 | INFO | train | task-0		Pre is 0.9859, Rec is 0.9859
2026-03-26 21:43:18 | INFO | train | task-0		C_M is 
[[282   1]
 [  7 277]]
2026-03-26 21:43:20 | INFO | train | The best f1_macro util now is 0.9859, at step 6
2026-03-26 21:43:22 | INFO | train | The best f1_micro util now is 0.9859, at step 6
2026-03-26 21:46:13 | INFO | train | ----------------------------------------------------------------------------------
2026-03-26 21:46:13 | INFO | train | Time of iter training 171.82 s
2026-03-26 21:46:13 | INFO | train | On iter step 7:, global step 1792 Loss-step [0.5057 0.3700 0.1357]
2026-03-26 21:47:50 | INFO | train | In dataset train: Loss is [0.3526 0.1839 0.1687]
2026-03-26 21:47:50 | INFO | train | task-0		Acc is 0.9127, F1 is 0.9127
2026-03-26 21:47:50 | INFO | train | task-0		F1-macro is 0.7512, F1-micro is 0.9127
2026-03-26 21:47:50 | INFO | train | task-0		Pre is 0.9127, Rec is 0.9127
2026-03-26 21:47:50 | INFO | train | task-0		C_M is 
[[305   1]
 [ 30  19]]
2026-03-26 21:49:23 | INFO | train | In dataset valid: Loss is [0.7349 0.5800 0.1549]
2026-03-26 21:49:23 | INFO | train | task-0		Acc is 0.6130, F1 is 0.6130
2026-03-26 21:49:23 | INFO | train | task-0		F1-macro is 0.5375, F1-micro is 0.6130
2026-03-26 21:49:23 | INFO | train | task-0		Pre is 0.6130, Rec is 0.6130
2026-03-26 21:49:23 | INFO | train | task-0		C_M is 
[[297   0]
 [226  61]]
2026-03-26 21:50:56 | INFO | train | In dataset test: Loss is [0.7810 0.6114 0.1696]
2026-03-26 21:50:56 | INFO | train | task-0		Acc is 0.6067, F1 is 0.6067
2026-03-26 21:50:56 | INFO | train | task-0		F1-macro is 0.5385, F1-micro is 0.6067
2026-03-26 21:50:56 | INFO | train | task-0		Pre is 0.6067, Rec is 0.6067
2026-03-26 21:50:56 | INFO | train | task-0		C_M is 
[[281   2]
 [221  63]]
2026-03-26 21:50:56 | INFO | train | The best f1_macro util now is 0.9859, at step 6
2026-03-26 21:50:56 | INFO | train | The best f1_micro util now is 0.9859, at step 6
2026-03-26 21:53:50 | INFO | train | ----------------------------------------------------------------------------------
2026-03-26 21:53:50 | INFO | train | Time of iter training 174.45 s
2026-03-26 21:53:50 | INFO | train | On iter step 8:, global step 2048 Loss-step [0.5828 0.4214 0.1614]
2026-03-26 21:55:26 | INFO | train | In dataset train: Loss is [0.3638 0.1891 0.1748]
2026-03-26 21:55:26 | INFO | train | task-0		Acc is 0.9690, F1 is 0.9690
2026-03-26 21:55:26 | INFO | train | task-0		F1-macro is 0.9280, F1-micro is 0.9690
2026-03-26 21:55:26 | INFO | train | task-0		Pre is 0.9690, Rec is 0.9690
2026-03-26 21:55:26 | INFO | train | task-0		C_M is 
[[306   0]
 [ 11  38]]
2026-03-26 21:57:04 | INFO | train | In dataset valid: Loss is [0.5821 0.4146 0.1675]
2026-03-26 21:57:04 | INFO | train | task-0		Acc is 0.9538, F1 is 0.9538
2026-03-26 21:57:04 | INFO | train | task-0		F1-macro is 0.9536, F1-micro is 0.9538
2026-03-26 21:57:04 | INFO | train | task-0		Pre is 0.9538, Rec is 0.9538
2026-03-26 21:57:04 | INFO | train | task-0		C_M is 
[[297   0]
 [ 27 260]]
2026-03-26 21:58:45 | INFO | train | In dataset test: Loss is [0.5458 0.3614 0.1844]
2026-03-26 21:58:45 | INFO | train | task-0		Acc is 0.9665, F1 is 0.9665
2026-03-26 21:58:45 | INFO | train | task-0		F1-macro is 0.9665, F1-micro is 0.9665
2026-03-26 21:58:45 | INFO | train | task-0		Pre is 0.9665, Rec is 0.9665
2026-03-26 21:58:45 | INFO | train | task-0		C_M is 
[[283   0]
 [ 19 265]]
2026-03-26 21:58:45 | INFO | train | The best f1_macro util now is 0.9859, at step 6
2026-03-26 21:58:45 | INFO | train | The best f1_micro util now is 0.9859, at step 6
2026-03-26 22:01:41 | INFO | train | ----------------------------------------------------------------------------------
2026-03-26 22:01:41 | INFO | train | Time of iter training 176.62 s
2026-03-26 22:01:41 | INFO | train | On iter step 9:, global step 2304 Loss-step [0.3793 0.2337 0.1456]
2026-03-26 22:03:17 | INFO | train | In dataset train: Loss is [0.3290 0.1462 0.1828]
2026-03-26 22:03:17 | INFO | train | task-0		Acc is 0.9690, F1 is 0.9690
2026-03-26 22:03:17 | INFO | train | task-0		F1-macro is 0.9280, F1-micro is 0.9690
2026-03-26 22:03:17 | INFO | train | task-0		Pre is 0.9690, Rec is 0.9690
2026-03-26 22:03:17 | INFO | train | task-0		C_M is 
[[306   0]
 [ 11  38]]
2026-03-26 22:04:56 | INFO | train | In dataset valid: Loss is [0.5024 0.3318 0.1706]
2026-03-26 22:04:56 | INFO | train | task-0		Acc is 0.9623, F1 is 0.9623
2026-03-26 22:04:56 | INFO | train | task-0		F1-macro is 0.9622, F1-micro is 0.9623
2026-03-26 22:04:56 | INFO | train | task-0		Pre is 0.9623, Rec is 0.9623
2026-03-26 22:04:56 | INFO | train | task-0		C_M is 
[[297   0]
 [ 22 265]]
2026-03-26 22:06:29 | INFO | train | In dataset test: Loss is [0.5310 0.3536 0.1773]
2026-03-26 22:06:29 | INFO | train | task-0		Acc is 0.9612, F1 is 0.9612
2026-03-26 22:06:29 | INFO | train | task-0		F1-macro is 0.9612, F1-micro is 0.9612
2026-03-26 22:06:29 | INFO | train | task-0		Pre is 0.9612, Rec is 0.9612
2026-03-26 22:06:29 | INFO | train | task-0		C_M is 
[[282   1]
 [ 21 263]]
2026-03-26 22:06:29 | INFO | train | The best f1_macro util now is 0.9859, at step 6
2026-03-26 22:06:29 | INFO | train | The best f1_micro util now is 0.9859, at step 6
2026-03-26 22:09:20 | INFO | train | ----------------------------------------------------------------------------------
2026-03-26 22:09:20 | INFO | train | Time of iter training 170.86 s
2026-03-26 22:09:20 | INFO | train | On iter step 10:, global step 2560 Loss-step [0.4546 0.3020 0.1525]
2026-03-26 22:10:52 | INFO | train | In dataset train: Loss is [0.3252 0.1489 0.1763]
2026-03-26 22:10:52 | INFO | train | task-0		Acc is 0.9549, F1 is 0.9549
2026-03-26 22:10:52 | INFO | train | task-0		F1-macro is 0.8897, F1-micro is 0.9549
2026-03-26 22:10:52 | INFO | train | task-0		Pre is 0.9549, Rec is 0.9549
2026-03-26 22:10:52 | INFO | train | task-0		C_M is 
[[306   0]
 [ 16  33]]
2026-03-26 22:12:23 | INFO | train | In dataset valid: Loss is [0.6156 0.4486 0.1670]
2026-03-26 22:12:23 | INFO | train | task-0		Acc is 0.9572, F1 is 0.9572
2026-03-26 22:12:23 | INFO | train | task-0		F1-macro is 0.9570, F1-micro is 0.9572
2026-03-26 22:12:23 | INFO | train | task-0		Pre is 0.9572, Rec is 0.9572
2026-03-26 22:12:23 | INFO | train | task-0		C_M is 
[[297   0]
 [ 25 262]]
2026-03-26 22:13:58 | INFO | train | In dataset test: Loss is [0.6291 0.4535 0.1755]
2026-03-26 22:13:58 | INFO | train | task-0		Acc is 0.9541, F1 is 0.9541
2026-03-26 22:13:58 | INFO | train | task-0		F1-macro is 0.9541, F1-micro is 0.9541
2026-03-26 22:13:58 | INFO | train | task-0		Pre is 0.9541, Rec is 0.9541
2026-03-26 22:13:58 | INFO | train | task-0		C_M is 
[[283   0]
 [ 26 258]]
2026-03-26 22:13:58 | INFO | train | The best f1_macro util now is 0.9859, at step 6
2026-03-26 22:13:58 | INFO | train | The best f1_micro util now is 0.9859, at step 6
2026-03-26 22:16:53 | INFO | train | ----------------------------------------------------------------------------------
2026-03-26 22:16:53 | INFO | train | Time of iter training 175.16 s
2026-03-26 22:16:53 | INFO | train | On iter step 11:, global step 2816 Loss-step [0.3159 0.1660 0.1499]
2026-03-26 22:18:32 | INFO | train | In dataset train: Loss is [0.2775 0.1077 0.1698]
2026-03-26 22:18:32 | INFO | train | task-0		Acc is 0.9831, F1 is 0.9831
2026-03-26 22:18:32 | INFO | train | task-0		F1-macro is 0.9632, F1-micro is 0.9831
2026-03-26 22:18:32 | INFO | train | task-0		Pre is 0.9831, Rec is 0.9831
2026-03-26 22:18:32 | INFO | train | task-0		C_M is 
[[305   1]
 [  5  44]]
2026-03-26 22:20:08 | INFO | train | In dataset valid: Loss is [0.3164 0.1584 0.1579]
2026-03-26 22:20:08 | INFO | train | task-0		Acc is 0.9880, F1 is 0.9880
2026-03-26 22:20:08 | INFO | train | task-0		F1-macro is 0.9880, F1-micro is 0.9880
2026-03-26 22:20:08 | INFO | train | task-0		Pre is 0.9880, Rec is 0.9880
2026-03-26 22:20:08 | INFO | train | task-0		C_M is 
[[297   0]
 [  7 280]]
2026-03-26 22:21:39 | INFO | train | In dataset test: Loss is [0.3061 0.1378 0.1683]
2026-03-26 22:21:39 | INFO | train | task-0		Acc is 0.9841, F1 is 0.9841
2026-03-26 22:21:39 | INFO | train | task-0		F1-macro is 0.9841, F1-micro is 0.9841
2026-03-26 22:21:39 | INFO | train | task-0		Pre is 0.9841, Rec is 0.9841
2026-03-26 22:21:39 | INFO | train | task-0		C_M is 
[[282   1]
 [  8 276]]
2026-03-26 22:21:41 | INFO | train | The best f1_macro util now is 0.9841, at step 11
2026-03-26 22:21:43 | INFO | train | The best f1_micro util now is 0.9841, at step 11
