2026-03-19 08:59:57 | INFO | train | Using one GPU: cuda.
2026-03-19 08:59:57 | INFO | train | Model parameters: Namespace(dim_bert=768, dim_hidden=512, n_gram=3, n_loss=3, use_word_vec=False, max_length_sen=256, learning_rate=0.001, lr_word_vector=0.0001, lr_bert=1e-05, weight_decay=0, embedding_dropout_rate=0.5, linear_dropout_rate=0.5, lambda1=1, lambda2=1, iter_num=100000, batch_size=6, seed=2021, anchor='anchor', rnn_type='LSTM', segment_type='char', model_type='BertConCap', optim_type='Adam', label_path='./config/iscxvpn_2_label.conf', use_pretrain_bert=True, bert_is_array=True, bert_config_path='./config/uncased_L-12_H-768_A-12/bert_config.json', bert_vocab_path='./config/uncased_L-12_H-768_A-12/vocab.txt', bert_pretrained_path='./saved_model/english_bert_base.bin', pretrained_model_path='./saved_model/model-f1_macro-650.pth', gpu_mode=1, local_rank=0, max_checkpoint=4096, sampled_num=1200, per_checkpoint=256, dp_mode_gpu_num=-1, language='en', data_dir='C:\\dl\\PacRep\\./data/benchmark/iscxvpn_pacrep_balanced', has_valid=1, auto_clean_model_mode=1, breakpoint=-1, name_model='iscxvpn_pacrep_balanced', config_path='./config/model-en.conf', multi_gpu=None)
2026-03-19 08:59:57 | INFO | train | Num of worker in data loader is: 0
2026-03-19 08:59:57 | INFO | train | task detail: {'0': {'is_valid': True, 'contribution': 2, 'value': 2}, '1': {'is_valid': False, 'contribution': 16, 'value': 16}, '2': {'is_valid': False, 'contribution': 2, 'value': 2}, '3': {'is_valid': False, 'contribution': 5, 'value': 5}, '4': {'is_valid': False, 'contribution': 2, 'value': 2}, '5': {'is_valid': False, 'contribution': 19, 'value': 19}}
2026-03-19 09:00:05 | INFO | deepnet.data.dataset_text | Use general data sampler.
2026-03-19 09:00:06 | INFO | train | Dataset Statictis(only for evaluation): train: 1200
2026-03-19 09:00:06 | INFO | train | Dataset Statictis(only for evaluation): valid: 600
2026-03-19 09:00:06 | INFO | train | Dataset Statictis(only for evaluation): test: 600
2026-03-19 09:00:07 | INFO | train | ----------------------------------------------------------------------------------
2026-03-19 09:00:07 | INFO | train | Time of iter training 0.00 s
2026-03-19 09:00:07 | INFO | train | On iter step 0:, global step 0 Loss-step [1.0000 1.0000 1.0000]
2026-03-19 09:01:21 | INFO | train | In dataset train: Loss is [3.1763 2.1834 0.9929]
2026-03-19 09:01:21 | INFO | train | task-0		Acc is 0.4950, F1 is 0.4950
2026-03-19 09:01:21 | INFO | train | task-0		F1-macro is 0.3311, F1-micro is 0.4950
2026-03-19 09:01:21 | INFO | train | task-0		Pre is 0.4950, Rec is 0.4950
2026-03-19 09:01:21 | INFO | train | task-0		C_M is 
[[  0 606]
 [  0 594]]
2026-03-19 09:01:56 | INFO | train | In dataset valid: Loss is [3.6527 2.6584 0.9943]
2026-03-19 09:01:56 | INFO | train | task-0		Acc is 0.2867, F1 is 0.2867
2026-03-19 09:01:56 | INFO | train | task-0		F1-macro is 0.2228, F1-micro is 0.2867
2026-03-19 09:01:56 | INFO | train | task-0		Pre is 0.2867, Rec is 0.2867
2026-03-19 09:01:56 | INFO | train | task-0		C_M is 
[[  0 428]
 [  0 172]]
2026-03-19 09:02:31 | INFO | train | In dataset test: Loss is [3.6035 2.6146 0.9889]
2026-03-19 09:02:31 | INFO | train | task-0		Acc is 0.2933, F1 is 0.2933
2026-03-19 09:02:31 | INFO | train | task-0		F1-macro is 0.2268, F1-micro is 0.2933
2026-03-19 09:02:31 | INFO | train | task-0		Pre is 0.2933, Rec is 0.2933
2026-03-19 09:02:31 | INFO | train | task-0		C_M is 
[[  0 424]
 [  0 176]]
2026-03-19 09:02:32 | INFO | train | The best f1_macro util now is 0.2268, at step 0
2026-03-19 09:02:33 | INFO | train | The best f1_micro util now is 0.2933, at step 0
2026-03-19 09:04:52 | INFO | train | ----------------------------------------------------------------------------------
2026-03-19 09:04:52 | INFO | train | Time of iter training 139.12 s
2026-03-19 09:04:52 | INFO | train | On iter step 1:, global step 256 Loss-step [1.4902 1.0893 0.4009]
2026-03-19 09:06:05 | INFO | train | In dataset train: Loss is [0.7470 0.6433 0.1036]
2026-03-19 09:06:05 | INFO | train | task-0		Acc is 0.9667, F1 is 0.9667
2026-03-19 09:06:05 | INFO | train | task-0		F1-macro is 0.9666, F1-micro is 0.9667
2026-03-19 09:06:05 | INFO | train | task-0		Pre is 0.9667, Rec is 0.9667
2026-03-19 09:06:05 | INFO | train | task-0		C_M is 
[[606   0]
 [ 40 554]]
2026-03-19 09:06:41 | INFO | train | In dataset valid: Loss is [0.8333 0.7942 0.0391]
2026-03-19 09:06:41 | INFO | train | task-0		Acc is 0.9850, F1 is 0.9850
2026-03-19 09:06:41 | INFO | train | task-0		F1-macro is 0.9814, F1-micro is 0.9850
2026-03-19 09:06:41 | INFO | train | task-0		Pre is 0.9850, Rec is 0.9850
2026-03-19 09:06:41 | INFO | train | task-0		C_M is 
[[428   0]
 [  9 163]]
2026-03-19 09:07:19 | INFO | train | In dataset test: Loss is [0.8516 0.7977 0.0539]
2026-03-19 09:07:19 | INFO | train | task-0		Acc is 0.9800, F1 is 0.9800
2026-03-19 09:07:19 | INFO | train | task-0		F1-macro is 0.9754, F1-micro is 0.9800
2026-03-19 09:07:19 | INFO | train | task-0		Pre is 0.9800, Rec is 0.9800
2026-03-19 09:07:19 | INFO | train | task-0		C_M is 
[[424   0]
 [ 12 164]]
2026-03-19 09:07:20 | INFO | train | The best f1_macro util now is 0.9754, at step 1
2026-03-19 09:07:21 | INFO | train | The best f1_micro util now is 0.9800, at step 1
2026-03-19 09:09:33 | INFO | train | ----------------------------------------------------------------------------------
2026-03-19 09:09:33 | INFO | train | Time of iter training 131.89 s
2026-03-19 09:09:33 | INFO | train | On iter step 2:, global step 512 Loss-step [0.7836 0.6711 0.1125]
2026-03-19 09:10:41 | INFO | train | In dataset train: Loss is [0.6787 0.5838 0.0950]
2026-03-19 09:10:41 | INFO | train | task-0		Acc is 0.9667, F1 is 0.9667
2026-03-19 09:10:41 | INFO | train | task-0		F1-macro is 0.9666, F1-micro is 0.9667
2026-03-19 09:10:41 | INFO | train | task-0		Pre is 0.9667, Rec is 0.9667
2026-03-19 09:10:41 | INFO | train | task-0		C_M is 
[[606   0]
 [ 40 554]]
2026-03-19 09:11:18 | INFO | train | In dataset valid: Loss is [0.7185 0.6831 0.0354]
2026-03-19 09:11:18 | INFO | train | task-0		Acc is 0.9850, F1 is 0.9850
2026-03-19 09:11:18 | INFO | train | task-0		F1-macro is 0.9814, F1-micro is 0.9850
2026-03-19 09:11:18 | INFO | train | task-0		Pre is 0.9850, Rec is 0.9850
2026-03-19 09:11:18 | INFO | train | task-0		C_M is 
[[428   0]
 [  9 163]]
2026-03-19 09:11:57 | INFO | train | In dataset test: Loss is [0.7441 0.6932 0.0509]
2026-03-19 09:11:57 | INFO | train | task-0		Acc is 0.9800, F1 is 0.9800
2026-03-19 09:11:57 | INFO | train | task-0		F1-macro is 0.9754, F1-micro is 0.9800
2026-03-19 09:11:57 | INFO | train | task-0		Pre is 0.9800, Rec is 0.9800
2026-03-19 09:11:57 | INFO | train | task-0		C_M is 
[[424   0]
 [ 12 164]]
2026-03-19 09:11:57 | INFO | train | The best f1_macro util now is 0.9754, at step 1
2026-03-19 09:11:57 | INFO | train | The best f1_micro util now is 0.9800, at step 1
2026-03-19 09:14:39 | INFO | train | ----------------------------------------------------------------------------------
2026-03-19 09:14:39 | INFO | train | Time of iter training 162.11 s
2026-03-19 09:14:39 | INFO | train | On iter step 3:, global step 768 Loss-step [0.6258 0.5100 0.1158]
2026-03-19 09:16:07 | INFO | train | In dataset train: Loss is [0.3778 0.2806 0.0972]
2026-03-19 09:16:07 | INFO | train | task-0		Acc is 0.9667, F1 is 0.9667
2026-03-19 09:16:07 | INFO | train | task-0		F1-macro is 0.9666, F1-micro is 0.9667
2026-03-19 09:16:07 | INFO | train | task-0		Pre is 0.9667, Rec is 0.9667
2026-03-19 09:16:07 | INFO | train | task-0		C_M is 
[[606   0]
 [ 40 554]]
2026-03-19 09:16:52 | INFO | train | In dataset valid: Loss is [0.3087 0.2725 0.0363]
2026-03-19 09:16:52 | INFO | train | task-0		Acc is 0.9850, F1 is 0.9850
2026-03-19 09:16:52 | INFO | train | task-0		F1-macro is 0.9814, F1-micro is 0.9850
2026-03-19 09:16:52 | INFO | train | task-0		Pre is 0.9850, Rec is 0.9850
2026-03-19 09:16:52 | INFO | train | task-0		C_M is 
[[428   0]
 [  9 163]]
2026-03-19 09:17:37 | INFO | train | In dataset test: Loss is [0.3414 0.2900 0.0514]
2026-03-19 09:17:37 | INFO | train | task-0		Acc is 0.9800, F1 is 0.9800
2026-03-19 09:17:37 | INFO | train | task-0		F1-macro is 0.9754, F1-micro is 0.9800
2026-03-19 09:17:37 | INFO | train | task-0		Pre is 0.9800, Rec is 0.9800
2026-03-19 09:17:37 | INFO | train | task-0		C_M is 
[[424   0]
 [ 12 164]]
2026-03-19 09:17:37 | INFO | train | The best f1_macro util now is 0.9754, at step 1
2026-03-19 09:17:37 | INFO | train | The best f1_micro util now is 0.9800, at step 1
2026-03-19 09:20:19 | INFO | train | ----------------------------------------------------------------------------------
2026-03-19 09:20:19 | INFO | train | Time of iter training 162.27 s
2026-03-19 09:20:19 | INFO | train | On iter step 4:, global step 1024 Loss-step [0.6967 0.5718 0.1249]
2026-03-19 09:21:49 | INFO | train | In dataset train: Loss is [0.4728 0.3883 0.0845]
2026-03-19 09:21:49 | INFO | train | task-0		Acc is 0.9667, F1 is 0.9667
2026-03-19 09:21:49 | INFO | train | task-0		F1-macro is 0.9666, F1-micro is 0.9667
2026-03-19 09:21:49 | INFO | train | task-0		Pre is 0.9667, Rec is 0.9667
2026-03-19 09:21:49 | INFO | train | task-0		C_M is 
[[606   0]
 [ 40 554]]
2026-03-19 09:22:36 | INFO | train | In dataset valid: Loss is [0.4344 0.3961 0.0383]
2026-03-19 09:22:36 | INFO | train | task-0		Acc is 0.9850, F1 is 0.9850
2026-03-19 09:22:36 | INFO | train | task-0		F1-macro is 0.9814, F1-micro is 0.9850
2026-03-19 09:22:36 | INFO | train | task-0		Pre is 0.9850, Rec is 0.9850
2026-03-19 09:22:36 | INFO | train | task-0		C_M is 
[[428   0]
 [  9 163]]
2026-03-19 09:23:24 | INFO | train | In dataset test: Loss is [0.4325 0.3813 0.0512]
2026-03-19 09:23:24 | INFO | train | task-0		Acc is 0.9800, F1 is 0.9800
2026-03-19 09:23:24 | INFO | train | task-0		F1-macro is 0.9754, F1-micro is 0.9800
2026-03-19 09:23:24 | INFO | train | task-0		Pre is 0.9800, Rec is 0.9800
2026-03-19 09:23:24 | INFO | train | task-0		C_M is 
[[424   0]
 [ 12 164]]
2026-03-19 09:23:24 | INFO | train | The best f1_macro util now is 0.9754, at step 1
2026-03-19 09:23:24 | INFO | train | The best f1_micro util now is 0.9800, at step 1
2026-03-19 09:26:05 | INFO | train | ----------------------------------------------------------------------------------
2026-03-19 09:26:05 | INFO | train | Time of iter training 160.63 s
2026-03-19 09:26:05 | INFO | train | On iter step 5:, global step 1280 Loss-step [0.3977 0.3052 0.0925]
2026-03-19 09:27:33 | INFO | train | In dataset train: Loss is [0.2532 0.1782 0.0750]
2026-03-19 09:27:33 | INFO | train | task-0		Acc is 0.9667, F1 is 0.9667
2026-03-19 09:27:33 | INFO | train | task-0		F1-macro is 0.9666, F1-micro is 0.9667
2026-03-19 09:27:33 | INFO | train | task-0		Pre is 0.9667, Rec is 0.9667
2026-03-19 09:27:33 | INFO | train | task-0		C_M is 
[[606   0]
 [ 40 554]]
2026-03-19 09:28:19 | INFO | train | In dataset valid: Loss is [0.1900 0.1603 0.0297]
2026-03-19 09:28:19 | INFO | train | task-0		Acc is 0.9850, F1 is 0.9850
2026-03-19 09:28:19 | INFO | train | task-0		F1-macro is 0.9814, F1-micro is 0.9850
2026-03-19 09:28:19 | INFO | train | task-0		Pre is 0.9850, Rec is 0.9850
2026-03-19 09:28:19 | INFO | train | task-0		C_M is 
[[428   0]
 [  9 163]]
2026-03-19 09:29:01 | INFO | train | In dataset test: Loss is [0.2005 0.1628 0.0376]
2026-03-19 09:29:01 | INFO | train | task-0		Acc is 0.9800, F1 is 0.9800
2026-03-19 09:29:01 | INFO | train | task-0		F1-macro is 0.9754, F1-micro is 0.9800
2026-03-19 09:29:01 | INFO | train | task-0		Pre is 0.9800, Rec is 0.9800
2026-03-19 09:29:01 | INFO | train | task-0		C_M is 
[[424   0]
 [ 12 164]]
2026-03-19 09:29:01 | INFO | train | The best f1_macro util now is 0.9754, at step 1
2026-03-19 09:29:01 | INFO | train | The best f1_micro util now is 0.9800, at step 1
2026-03-19 09:31:43 | INFO | train | ----------------------------------------------------------------------------------
2026-03-19 09:31:43 | INFO | train | Time of iter training 161.67 s
2026-03-19 09:31:43 | INFO | train | On iter step 6:, global step 1536 Loss-step [0.3611 0.2548 0.1063]
2026-03-19 09:33:11 | INFO | train | In dataset train: Loss is [0.2465 0.1549 0.0915]
2026-03-19 09:33:11 | INFO | train | task-0		Acc is 0.9667, F1 is 0.9667
2026-03-19 09:33:11 | INFO | train | task-0		F1-macro is 0.9666, F1-micro is 0.9667
2026-03-19 09:33:11 | INFO | train | task-0		Pre is 0.9667, Rec is 0.9667
2026-03-19 09:33:11 | INFO | train | task-0		C_M is 
[[606   0]
 [ 40 554]]
2026-03-19 09:33:57 | INFO | train | In dataset valid: Loss is [0.1938 0.1572 0.0365]
2026-03-19 09:33:57 | INFO | train | task-0		Acc is 0.9850, F1 is 0.9850
2026-03-19 09:33:57 | INFO | train | task-0		F1-macro is 0.9814, F1-micro is 0.9850
2026-03-19 09:33:57 | INFO | train | task-0		Pre is 0.9850, Rec is 0.9850
2026-03-19 09:33:57 | INFO | train | task-0		C_M is 
[[428   0]
 [  9 163]]
2026-03-19 09:34:43 | INFO | train | In dataset test: Loss is [0.2215 0.1709 0.0506]
2026-03-19 09:34:43 | INFO | train | task-0		Acc is 0.9800, F1 is 0.9800
2026-03-19 09:34:43 | INFO | train | task-0		F1-macro is 0.9754, F1-micro is 0.9800
2026-03-19 09:34:43 | INFO | train | task-0		Pre is 0.9800, Rec is 0.9800
2026-03-19 09:34:43 | INFO | train | task-0		C_M is 
[[424   0]
 [ 12 164]]
2026-03-19 09:34:43 | INFO | train | The best f1_macro util now is 0.9754, at step 1
2026-03-19 09:34:43 | INFO | train | The best f1_micro util now is 0.9800, at step 1
2026-03-19 09:37:25 | INFO | train | ----------------------------------------------------------------------------------
2026-03-19 09:37:25 | INFO | train | Time of iter training 161.89 s
2026-03-19 09:37:25 | INFO | train | On iter step 7:, global step 1792 Loss-step [0.3144 0.2046 0.1098]
2026-03-19 09:38:53 | INFO | train | In dataset train: Loss is [0.2362 0.1434 0.0928]
2026-03-19 09:38:53 | INFO | train | task-0		Acc is 0.9667, F1 is 0.9667
2026-03-19 09:38:53 | INFO | train | task-0		F1-macro is 0.9666, F1-micro is 0.9667
2026-03-19 09:38:53 | INFO | train | task-0		Pre is 0.9667, Rec is 0.9667
2026-03-19 09:38:53 | INFO | train | task-0		C_M is 
[[606   0]
 [ 40 554]]
2026-03-19 09:39:38 | INFO | train | In dataset valid: Loss is [0.1794 0.1433 0.0361]
2026-03-19 09:39:38 | INFO | train | task-0		Acc is 0.9850, F1 is 0.9850
2026-03-19 09:39:38 | INFO | train | task-0		F1-macro is 0.9814, F1-micro is 0.9850
2026-03-19 09:39:38 | INFO | train | task-0		Pre is 0.9850, Rec is 0.9850
2026-03-19 09:39:38 | INFO | train | task-0		C_M is 
[[428   0]
 [  9 163]]
2026-03-19 09:40:23 | INFO | train | In dataset test: Loss is [0.1991 0.1489 0.0502]
2026-03-19 09:40:23 | INFO | train | task-0		Acc is 0.9800, F1 is 0.9800
2026-03-19 09:40:23 | INFO | train | task-0		F1-macro is 0.9754, F1-micro is 0.9800
2026-03-19 09:40:23 | INFO | train | task-0		Pre is 0.9800, Rec is 0.9800
2026-03-19 09:40:23 | INFO | train | task-0		C_M is 
[[424   0]
 [ 12 164]]
2026-03-19 09:40:23 | INFO | train | The best f1_macro util now is 0.9754, at step 1
2026-03-19 09:40:23 | INFO | train | The best f1_micro util now is 0.9800, at step 1
2026-03-19 09:43:03 | INFO | train | ----------------------------------------------------------------------------------
2026-03-19 09:43:03 | INFO | train | Time of iter training 159.78 s
2026-03-19 09:43:03 | INFO | train | On iter step 8:, global step 2048 Loss-step [0.1991 0.1372 0.0619]
2026-03-19 09:44:31 | INFO | train | In dataset train: Loss is [0.0967 0.0811 0.0157]
2026-03-19 09:44:31 | INFO | train | task-0		Acc is 0.9667, F1 is 0.9667
2026-03-19 09:44:31 | INFO | train | task-0		F1-macro is 0.9666, F1-micro is 0.9667
2026-03-19 09:44:31 | INFO | train | task-0		Pre is 0.9667, Rec is 0.9667
2026-03-19 09:44:31 | INFO | train | task-0		C_M is 
[[606   0]
 [ 40 554]]
2026-03-19 09:45:17 | INFO | train | In dataset valid: Loss is [0.0581 0.0486 0.0095]
2026-03-19 09:45:17 | INFO | train | task-0		Acc is 0.9850, F1 is 0.9850
2026-03-19 09:45:17 | INFO | train | task-0		F1-macro is 0.9814, F1-micro is 0.9850
2026-03-19 09:45:17 | INFO | train | task-0		Pre is 0.9850, Rec is 0.9850
2026-03-19 09:45:17 | INFO | train | task-0		C_M is 
[[428   0]
 [  9 163]]
2026-03-19 09:46:03 | INFO | train | In dataset test: Loss is [0.0836 0.0667 0.0169]
2026-03-19 09:46:03 | INFO | train | task-0		Acc is 0.9800, F1 is 0.9800
2026-03-19 09:46:03 | INFO | train | task-0		F1-macro is 0.9754, F1-micro is 0.9800
2026-03-19 09:46:03 | INFO | train | task-0		Pre is 0.9800, Rec is 0.9800
2026-03-19 09:46:03 | INFO | train | task-0		C_M is 
[[424   0]
 [ 12 164]]
2026-03-19 09:46:03 | INFO | train | The best f1_macro util now is 0.9754, at step 1
2026-03-19 09:46:03 | INFO | train | The best f1_micro util now is 0.9800, at step 1
2026-03-19 09:47:52 | INFO | deepnet.data.dataset_text | Read next training chunk, data size is 13296
2026-03-19 09:48:46 | INFO | train | ----------------------------------------------------------------------------------
2026-03-19 09:48:46 | INFO | train | Time of iter training 163.82 s
2026-03-19 09:48:46 | INFO | train | On iter step 9:, global step 2304 Loss-step [0.1837 0.1461 0.0375]
2026-03-19 09:50:18 | INFO | train | In dataset train: Loss is [0.2371 0.1432 0.0939]
2026-03-19 09:50:18 | INFO | train | task-0		Acc is 0.9667, F1 is 0.9667
2026-03-19 09:50:18 | INFO | train | task-0		F1-macro is 0.9666, F1-micro is 0.9667
2026-03-19 09:50:18 | INFO | train | task-0		Pre is 0.9667, Rec is 0.9667
2026-03-19 09:50:18 | INFO | train | task-0		C_M is 
[[606   0]
 [ 40 554]]
2026-03-19 09:51:06 | INFO | train | In dataset valid: Loss is [0.1742 0.1393 0.0349]
2026-03-19 09:51:06 | INFO | train | task-0		Acc is 0.9850, F1 is 0.9850
2026-03-19 09:51:06 | INFO | train | task-0		F1-macro is 0.9814, F1-micro is 0.9850
2026-03-19 09:51:06 | INFO | train | task-0		Pre is 0.9850, Rec is 0.9850
2026-03-19 09:51:06 | INFO | train | task-0		C_M is 
[[428   0]
 [  9 163]]
2026-03-19 09:51:53 | INFO | train | In dataset test: Loss is [0.1986 0.1481 0.0505]
2026-03-19 09:51:53 | INFO | train | task-0		Acc is 0.9800, F1 is 0.9800
2026-03-19 09:51:53 | INFO | train | task-0		F1-macro is 0.9754, F1-micro is 0.9800
2026-03-19 09:51:53 | INFO | train | task-0		Pre is 0.9800, Rec is 0.9800
2026-03-19 09:51:53 | INFO | train | task-0		C_M is 
[[424   0]
 [ 12 164]]
2026-03-19 09:51:53 | INFO | train | The best f1_macro util now is 0.9754, at step 1
2026-03-19 09:51:53 | INFO | train | The best f1_micro util now is 0.9800, at step 1
2026-03-19 09:54:34 | INFO | train | ----------------------------------------------------------------------------------
2026-03-19 09:54:34 | INFO | train | Time of iter training 161.48 s
2026-03-19 09:54:34 | INFO | train | On iter step 10:, global step 2560 Loss-step [0.2541 0.1489 0.1052]
2026-03-19 09:56:03 | INFO | train | In dataset train: Loss is [0.2388 0.1447 0.0941]
2026-03-19 09:56:03 | INFO | train | task-0		Acc is 0.9667, F1 is 0.9667
2026-03-19 09:56:03 | INFO | train | task-0		F1-macro is 0.9666, F1-micro is 0.9667
2026-03-19 09:56:03 | INFO | train | task-0		Pre is 0.9667, Rec is 0.9667
2026-03-19 09:56:03 | INFO | train | task-0		C_M is 
[[606   0]
 [ 40 554]]
2026-03-19 09:56:51 | INFO | train | In dataset valid: Loss is [0.1803 0.1447 0.0356]
2026-03-19 09:56:51 | INFO | train | task-0		Acc is 0.9850, F1 is 0.9850
2026-03-19 09:56:51 | INFO | train | task-0		F1-macro is 0.9814, F1-micro is 0.9850
2026-03-19 09:56:51 | INFO | train | task-0		Pre is 0.9850, Rec is 0.9850
2026-03-19 09:56:51 | INFO | train | task-0		C_M is 
[[428   0]
 [  9 163]]
2026-03-19 09:57:38 | INFO | train | In dataset test: Loss is [0.2057 0.1549 0.0507]
2026-03-19 09:57:38 | INFO | train | task-0		Acc is 0.9800, F1 is 0.9800
2026-03-19 09:57:38 | INFO | train | task-0		F1-macro is 0.9754, F1-micro is 0.9800
2026-03-19 09:57:38 | INFO | train | task-0		Pre is 0.9800, Rec is 0.9800
2026-03-19 09:57:38 | INFO | train | task-0		C_M is 
[[424   0]
 [ 12 164]]
2026-03-19 09:57:38 | INFO | train | The best f1_macro util now is 0.9754, at step 1
2026-03-19 09:57:38 | INFO | train | The best f1_micro util now is 0.9800, at step 1
2026-03-19 10:00:17 | INFO | train | ----------------------------------------------------------------------------------
2026-03-19 10:00:17 | INFO | train | Time of iter training 159.08 s
2026-03-19 10:00:17 | INFO | train | On iter step 11:, global step 2816 Loss-step [0.2383 0.1425 0.0958]
2026-03-19 10:01:45 | INFO | train | In dataset train: Loss is [0.2175 0.1438 0.0738]
2026-03-19 10:01:45 | INFO | train | task-0		Acc is 0.9667, F1 is 0.9667
2026-03-19 10:01:45 | INFO | train | task-0		F1-macro is 0.9666, F1-micro is 0.9667
2026-03-19 10:01:45 | INFO | train | task-0		Pre is 0.9667, Rec is 0.9667
2026-03-19 10:01:45 | INFO | train | task-0		C_M is 
[[606   0]
 [ 40 554]]
2026-03-19 10:02:31 | INFO | train | In dataset valid: Loss is [0.2177 0.1443 0.0734]
2026-03-19 10:02:31 | INFO | train | task-0		Acc is 0.9850, F1 is 0.9850
2026-03-19 10:02:31 | INFO | train | task-0		F1-macro is 0.9814, F1-micro is 0.9850
2026-03-19 10:02:31 | INFO | train | task-0		Pre is 0.9850, Rec is 0.9850
2026-03-19 10:02:31 | INFO | train | task-0		C_M is 
[[428   0]
 [  9 163]]
2026-03-19 10:03:16 | INFO | train | In dataset test: Loss is [0.2356 0.1517 0.0839]
2026-03-19 10:03:16 | INFO | train | task-0		Acc is 0.9800, F1 is 0.9800
2026-03-19 10:03:16 | INFO | train | task-0		F1-macro is 0.9754, F1-micro is 0.9800
2026-03-19 10:03:16 | INFO | train | task-0		Pre is 0.9800, Rec is 0.9800
2026-03-19 10:03:16 | INFO | train | task-0		C_M is 
[[424   0]
 [ 12 164]]
2026-03-19 10:03:16 | INFO | train | The best f1_macro util now is 0.9754, at step 1
2026-03-19 10:03:16 | INFO | train | The best f1_micro util now is 0.9800, at step 1
2026-03-19 10:05:58 | INFO | train | ----------------------------------------------------------------------------------
2026-03-19 10:05:58 | INFO | train | Time of iter training 161.64 s
2026-03-19 10:05:58 | INFO | train | On iter step 12:, global step 3072 Loss-step [0.2238 0.1488 0.0750]
2026-03-19 10:07:28 | INFO | train | In dataset train: Loss is [0.2097 0.1439 0.0659]
2026-03-19 10:07:28 | INFO | train | task-0		Acc is 0.9667, F1 is 0.9667
2026-03-19 10:07:28 | INFO | train | task-0		F1-macro is 0.9666, F1-micro is 0.9667
2026-03-19 10:07:28 | INFO | train | task-0		Pre is 0.9667, Rec is 0.9667
2026-03-19 10:07:28 | INFO | train | task-0		C_M is 
[[606   0]
 [ 40 554]]
2026-03-19 10:08:15 | INFO | train | In dataset valid: Loss is [0.2113 0.1441 0.0672]
2026-03-19 10:08:15 | INFO | train | task-0		Acc is 0.9850, F1 is 0.9850
2026-03-19 10:08:15 | INFO | train | task-0		F1-macro is 0.9814, F1-micro is 0.9850
2026-03-19 10:08:15 | INFO | train | task-0		Pre is 0.9850, Rec is 0.9850
2026-03-19 10:08:15 | INFO | train | task-0		C_M is 
[[428   0]
 [  9 163]]
2026-03-19 10:09:00 | INFO | train | In dataset test: Loss is [0.2318 0.1541 0.0777]
2026-03-19 10:09:00 | INFO | train | task-0		Acc is 0.9800, F1 is 0.9800
2026-03-19 10:09:00 | INFO | train | task-0		F1-macro is 0.9754, F1-micro is 0.9800
2026-03-19 10:09:00 | INFO | train | task-0		Pre is 0.9800, Rec is 0.9800
2026-03-19 10:09:00 | INFO | train | task-0		C_M is 
[[424   0]
 [ 12 164]]
2026-03-19 10:09:00 | INFO | train | The best f1_macro util now is 0.9754, at step 1
2026-03-19 10:09:00 | INFO | train | The best f1_micro util now is 0.9800, at step 1
2026-03-19 10:11:41 | INFO | train | ----------------------------------------------------------------------------------
2026-03-19 10:11:41 | INFO | train | Time of iter training 160.11 s
2026-03-19 10:11:41 | INFO | train | On iter step 13:, global step 3328 Loss-step [0.2265 0.1640 0.0626]
2026-03-19 10:13:09 | INFO | train | In dataset train: Loss is [0.9603 0.8779 0.0824]
2026-03-19 10:13:09 | INFO | train | task-0		Acc is 0.9667, F1 is 0.9667
2026-03-19 10:13:09 | INFO | train | task-0		F1-macro is 0.9666, F1-micro is 0.9667
2026-03-19 10:13:09 | INFO | train | task-0		Pre is 0.9667, Rec is 0.9667
2026-03-19 10:13:09 | INFO | train | task-0		C_M is 
[[606   0]
 [ 40 554]]
2026-03-19 10:13:55 | INFO | train | In dataset valid: Loss is [0.5745 0.5430 0.0314]
2026-03-19 10:13:55 | INFO | train | task-0		Acc is 0.9850, F1 is 0.9850
2026-03-19 10:13:55 | INFO | train | task-0		F1-macro is 0.9814, F1-micro is 0.9850
2026-03-19 10:13:55 | INFO | train | task-0		Pre is 0.9850, Rec is 0.9850
2026-03-19 10:13:55 | INFO | train | task-0		C_M is 
[[428   0]
 [  9 163]]
2026-03-19 10:14:41 | INFO | train | In dataset test: Loss is [0.5942 0.5490 0.0452]
2026-03-19 10:14:41 | INFO | train | task-0		Acc is 0.9800, F1 is 0.9800
2026-03-19 10:14:41 | INFO | train | task-0		F1-macro is 0.9754, F1-micro is 0.9800
2026-03-19 10:14:41 | INFO | train | task-0		Pre is 0.9800, Rec is 0.9800
2026-03-19 10:14:41 | INFO | train | task-0		C_M is 
[[424   0]
 [ 12 164]]
2026-03-19 10:14:41 | INFO | train | The best f1_macro util now is 0.9754, at step 1
2026-03-19 10:14:41 | INFO | train | The best f1_micro util now is 0.9800, at step 1
2026-03-19 10:17:19 | INFO | train | ----------------------------------------------------------------------------------
2026-03-19 10:17:19 | INFO | train | Time of iter training 158.49 s
2026-03-19 10:17:19 | INFO | train | On iter step 14:, global step 3584 Loss-step [0.2584 0.1960 0.0624]
2026-03-19 10:18:48 | INFO | train | In dataset train: Loss is [0.1943 0.1478 0.0465]
2026-03-19 10:18:48 | INFO | train | task-0		Acc is 0.9700, F1 is 0.9700
2026-03-19 10:18:48 | INFO | train | task-0		F1-macro is 0.9700, F1-micro is 0.9700
2026-03-19 10:18:48 | INFO | train | task-0		Pre is 0.9700, Rec is 0.9700
2026-03-19 10:18:48 | INFO | train | task-0		C_M is 
[[606   0]
 [ 36 558]]
2026-03-19 10:19:34 | INFO | train | In dataset valid: Loss is [0.1941 0.1508 0.0433]
2026-03-19 10:19:34 | INFO | train | task-0		Acc is 0.9850, F1 is 0.9850
2026-03-19 10:19:34 | INFO | train | task-0		F1-macro is 0.9814, F1-micro is 0.9850
2026-03-19 10:19:34 | INFO | train | task-0		Pre is 0.9850, Rec is 0.9850
2026-03-19 10:19:34 | INFO | train | task-0		C_M is 
[[428   0]
 [  9 163]]
2026-03-19 10:20:20 | INFO | train | In dataset test: Loss is [0.2107 0.1599 0.0508]
2026-03-19 10:20:20 | INFO | train | task-0		Acc is 0.9817, F1 is 0.9817
2026-03-19 10:20:20 | INFO | train | task-0		F1-macro is 0.9775, F1-micro is 0.9817
2026-03-19 10:20:20 | INFO | train | task-0		Pre is 0.9817, Rec is 0.9817
2026-03-19 10:20:20 | INFO | train | task-0		C_M is 
[[424   0]
 [ 11 165]]
2026-03-19 10:20:20 | INFO | train | The best f1_macro util now is 0.9754, at step 1
2026-03-19 10:20:20 | INFO | train | The best f1_micro util now is 0.9800, at step 1
2026-03-19 10:23:01 | INFO | train | ----------------------------------------------------------------------------------
2026-03-19 10:23:01 | INFO | train | Time of iter training 161.15 s
2026-03-19 10:23:01 | INFO | train | On iter step 15:, global step 3840 Loss-step [0.2885 0.2074 0.0812]
2026-03-19 10:24:30 | INFO | train | In dataset train: Loss is [0.2299 0.1372 0.0927]
2026-03-19 10:24:30 | INFO | train | task-0		Acc is 0.9667, F1 is 0.9667
2026-03-19 10:24:30 | INFO | train | task-0		F1-macro is 0.9666, F1-micro is 0.9667
2026-03-19 10:24:30 | INFO | train | task-0		Pre is 0.9667, Rec is 0.9667
2026-03-19 10:24:30 | INFO | train | task-0		C_M is 
[[606   0]
 [ 40 554]]
2026-03-19 10:25:15 | INFO | train | In dataset valid: Loss is [0.1649 0.1295 0.0354]
2026-03-19 10:25:15 | INFO | train | task-0		Acc is 0.9850, F1 is 0.9850
2026-03-19 10:25:15 | INFO | train | task-0		F1-macro is 0.9814, F1-micro is 0.9850
2026-03-19 10:25:15 | INFO | train | task-0		Pre is 0.9850, Rec is 0.9850
2026-03-19 10:25:15 | INFO | train | task-0		C_M is 
[[428   0]
 [  9 163]]
2026-03-19 10:26:01 | INFO | train | In dataset test: Loss is [0.1850 0.1349 0.0500]
2026-03-19 10:26:01 | INFO | train | task-0		Acc is 0.9800, F1 is 0.9800
2026-03-19 10:26:01 | INFO | train | task-0		F1-macro is 0.9754, F1-micro is 0.9800
2026-03-19 10:26:01 | INFO | train | task-0		Pre is 0.9800, Rec is 0.9800
2026-03-19 10:26:01 | INFO | train | task-0		C_M is 
[[424   0]
 [ 12 164]]
2026-03-19 10:26:01 | INFO | train | The best f1_macro util now is 0.9754, at step 1
2026-03-19 10:26:01 | INFO | train | The best f1_micro util now is 0.9800, at step 1
2026-03-19 10:28:39 | INFO | train | ----------------------------------------------------------------------------------
2026-03-19 10:28:39 | INFO | train | Time of iter training 158.75 s
2026-03-19 10:28:39 | INFO | train | On iter step 16:, global step 4096 Loss-step [0.2254 0.1563 0.0691]
2026-03-19 10:30:07 | INFO | train | In dataset train: Loss is [0.3335 0.2900 0.0435]
2026-03-19 10:30:07 | INFO | train | task-0		Acc is 0.9942, F1 is 0.9942
2026-03-19 10:30:07 | INFO | train | task-0		F1-macro is 0.9942, F1-micro is 0.9942
2026-03-19 10:30:07 | INFO | train | task-0		Pre is 0.9942, Rec is 0.9942
2026-03-19 10:30:07 | INFO | train | task-0		C_M is 
[[599   7]
 [  0 594]]
2026-03-19 10:30:52 | INFO | train | In dataset valid: Loss is [0.3497 0.2961 0.0536]
2026-03-19 10:30:52 | INFO | train | task-0		Acc is 0.9950, F1 is 0.9950
2026-03-19 10:30:52 | INFO | train | task-0		F1-macro is 0.9939, F1-micro is 0.9950
2026-03-19 10:30:52 | INFO | train | task-0		Pre is 0.9950, Rec is 0.9950
2026-03-19 10:30:52 | INFO | train | task-0		C_M is 
[[425   3]
 [  0 172]]
2026-03-19 10:31:37 | INFO | train | In dataset test: Loss is [0.3373 0.2822 0.0550]
2026-03-19 10:31:37 | INFO | train | task-0		Acc is 0.9950, F1 is 0.9950
2026-03-19 10:31:37 | INFO | train | task-0		F1-macro is 0.9940, F1-micro is 0.9950
2026-03-19 10:31:37 | INFO | train | task-0		Pre is 0.9950, Rec is 0.9950
2026-03-19 10:31:37 | INFO | train | task-0		C_M is 
[[421   3]
 [  0 176]]
2026-03-19 10:31:39 | INFO | train | The best f1_macro util now is 0.9940, at step 16
2026-03-19 10:31:45 | INFO | train | The best f1_micro util now is 0.9950, at step 16
2026-03-19 10:34:23 | INFO | train | ----------------------------------------------------------------------------------
2026-03-19 10:34:23 | INFO | train | Time of iter training 158.05 s
2026-03-19 10:34:23 | INFO | train | On iter step 17:, global step 4352 Loss-step [0.1168 0.0973 0.0196]
2026-03-19 10:35:50 | INFO | train | In dataset train: Loss is [0.1383 0.1293 0.0090]
2026-03-19 10:35:50 | INFO | train | task-0		Acc is 0.9667, F1 is 0.9667
2026-03-19 10:35:50 | INFO | train | task-0		F1-macro is 0.9666, F1-micro is 0.9667
2026-03-19 10:35:50 | INFO | train | task-0		Pre is 0.9667, Rec is 0.9667
2026-03-19 10:35:50 | INFO | train | task-0		C_M is 
[[606   0]
 [ 40 554]]
2026-03-19 10:36:35 | INFO | train | In dataset valid: Loss is [0.1315 0.1259 0.0057]
2026-03-19 10:36:35 | INFO | train | task-0		Acc is 0.9850, F1 is 0.9850
2026-03-19 10:36:35 | INFO | train | task-0		F1-macro is 0.9814, F1-micro is 0.9850
2026-03-19 10:36:35 | INFO | train | task-0		Pre is 0.9850, Rec is 0.9850
2026-03-19 10:36:35 | INFO | train | task-0		C_M is 
[[428   0]
 [  9 163]]
2026-03-19 10:37:20 | INFO | train | In dataset test: Loss is [0.1376 0.1317 0.0059]
2026-03-19 10:37:20 | INFO | train | task-0		Acc is 0.9800, F1 is 0.9800
2026-03-19 10:37:20 | INFO | train | task-0		F1-macro is 0.9754, F1-micro is 0.9800
2026-03-19 10:37:20 | INFO | train | task-0		Pre is 0.9800, Rec is 0.9800
2026-03-19 10:37:20 | INFO | train | task-0		C_M is 
[[424   0]
 [ 12 164]]
2026-03-19 10:37:20 | INFO | train | The best f1_macro util now is 0.9940, at step 16
2026-03-19 10:37:20 | INFO | train | The best f1_micro util now is 0.9950, at step 16
2026-03-19 10:38:14 | INFO | deepnet.data.dataset_text | Read next training chunk, data size is 13497
2026-03-19 10:40:01 | INFO | train | ----------------------------------------------------------------------------------
2026-03-19 10:40:01 | INFO | train | Time of iter training 161.47 s
2026-03-19 10:40:01 | INFO | train | On iter step 18:, global step 4608 Loss-step [0.1066 0.0952 0.0114]
2026-03-19 10:41:29 | INFO | train | In dataset train: Loss is [0.0830 0.0722 0.0107]
2026-03-19 10:41:29 | INFO | train | task-0		Acc is 0.9667, F1 is 0.9667
2026-03-19 10:41:29 | INFO | train | task-0		F1-macro is 0.9666, F1-micro is 0.9667
2026-03-19 10:41:29 | INFO | train | task-0		Pre is 0.9667, Rec is 0.9667
2026-03-19 10:41:29 | INFO | train | task-0		C_M is 
[[606   0]
 [ 40 554]]
2026-03-19 10:42:14 | INFO | train | In dataset valid: Loss is [0.0862 0.0733 0.0129]
2026-03-19 10:42:14 | INFO | train | task-0		Acc is 0.9850, F1 is 0.9850
2026-03-19 10:42:14 | INFO | train | task-0		F1-macro is 0.9814, F1-micro is 0.9850
2026-03-19 10:42:14 | INFO | train | task-0		Pre is 0.9850, Rec is 0.9850
2026-03-19 10:42:14 | INFO | train | task-0		C_M is 
[[428   0]
 [  9 163]]
2026-03-19 10:43:00 | INFO | train | In dataset test: Loss is [0.0926 0.0816 0.0110]
2026-03-19 10:43:00 | INFO | train | task-0		Acc is 0.9800, F1 is 0.9800
2026-03-19 10:43:00 | INFO | train | task-0		F1-macro is 0.9754, F1-micro is 0.9800
2026-03-19 10:43:00 | INFO | train | task-0		Pre is 0.9800, Rec is 0.9800
2026-03-19 10:43:00 | INFO | train | task-0		C_M is 
[[424   0]
 [ 12 164]]
2026-03-19 10:43:00 | INFO | train | The best f1_macro util now is 0.9940, at step 16
2026-03-19 10:43:00 | INFO | train | The best f1_micro util now is 0.9950, at step 16
2026-03-19 10:45:42 | INFO | train | ----------------------------------------------------------------------------------
2026-03-19 10:45:42 | INFO | train | Time of iter training 162.61 s
2026-03-19 10:45:42 | INFO | train | On iter step 19:, global step 4864 Loss-step [0.0964 0.0787 0.0177]
2026-03-19 10:47:10 | INFO | train | In dataset train: Loss is [0.0409 0.0377 0.0032]
2026-03-19 10:47:10 | INFO | train | task-0		Acc is 0.9992, F1 is 0.9992
2026-03-19 10:47:10 | INFO | train | task-0		F1-macro is 0.9992, F1-micro is 0.9992
2026-03-19 10:47:10 | INFO | train | task-0		Pre is 0.9992, Rec is 0.9992
2026-03-19 10:47:10 | INFO | train | task-0		C_M is 
[[606   0]
 [  1 593]]
2026-03-19 10:47:54 | INFO | train | In dataset valid: Loss is [0.0539 0.0532 0.0007]
2026-03-19 10:47:54 | INFO | train | task-0		Acc is 1.0000, F1 is 1.0000
2026-03-19 10:47:54 | INFO | train | task-0		F1-macro is 1.0000, F1-micro is 1.0000
2026-03-19 10:47:54 | INFO | train | task-0		Pre is 1.0000, Rec is 1.0000
2026-03-19 10:47:54 | INFO | train | task-0		C_M is 
[[428   0]
 [  0 172]]
2026-03-19 10:48:40 | INFO | train | In dataset test: Loss is [0.0548 0.0540 0.0008]
2026-03-19 10:48:40 | INFO | train | task-0		Acc is 1.0000, F1 is 1.0000
2026-03-19 10:48:40 | INFO | train | task-0		F1-macro is 1.0000, F1-micro is 1.0000
2026-03-19 10:48:40 | INFO | train | task-0		Pre is 1.0000, Rec is 1.0000
2026-03-19 10:48:40 | INFO | train | task-0		C_M is 
[[424   0]
 [  0 176]]
2026-03-19 10:48:41 | INFO | train | The best f1_macro util now is 1.0000, at step 19
2026-03-19 10:48:47 | INFO | train | The best f1_micro util now is 1.0000, at step 19
2026-03-19 10:51:25 | INFO | train | ----------------------------------------------------------------------------------
2026-03-19 10:51:25 | INFO | train | Time of iter training 157.75 s
2026-03-19 10:51:25 | INFO | train | On iter step 20:, global step 5120 Loss-step [0.2319 0.1756 0.0563]
2026-03-19 10:52:52 | INFO | train | In dataset train: Loss is [0.1475 0.1416 0.0058]
2026-03-19 10:52:52 | INFO | train | task-0		Acc is 0.9667, F1 is 0.9667
2026-03-19 10:52:52 | INFO | train | task-0		F1-macro is 0.9666, F1-micro is 0.9667
2026-03-19 10:52:52 | INFO | train | task-0		Pre is 0.9667, Rec is 0.9667
2026-03-19 10:52:52 | INFO | train | task-0		C_M is 
[[606   0]
 [ 40 554]]
2026-03-19 10:53:37 | INFO | train | In dataset valid: Loss is [0.1426 0.1404 0.0022]
2026-03-19 10:53:37 | INFO | train | task-0		Acc is 0.9850, F1 is 0.9850
2026-03-19 10:53:37 | INFO | train | task-0		F1-macro is 0.9814, F1-micro is 0.9850
2026-03-19 10:53:37 | INFO | train | task-0		Pre is 0.9850, Rec is 0.9850
2026-03-19 10:53:37 | INFO | train | task-0		C_M is 
[[428   0]
 [  9 163]]
2026-03-19 10:54:22 | INFO | train | In dataset test: Loss is [0.1521 0.1483 0.0039]
2026-03-19 10:54:22 | INFO | train | task-0		Acc is 0.9817, F1 is 0.9817
2026-03-19 10:54:22 | INFO | train | task-0		F1-macro is 0.9775, F1-micro is 0.9817
2026-03-19 10:54:22 | INFO | train | task-0		Pre is 0.9817, Rec is 0.9817
2026-03-19 10:54:22 | INFO | train | task-0		C_M is 
[[424   0]
 [ 11 165]]
2026-03-19 10:54:22 | INFO | train | The best f1_macro util now is 1.0000, at step 19
2026-03-19 10:54:22 | INFO | train | The best f1_micro util now is 1.0000, at step 19
2026-03-19 10:57:00 | INFO | train | ----------------------------------------------------------------------------------
2026-03-19 10:57:00 | INFO | train | Time of iter training 158.35 s
2026-03-19 10:57:00 | INFO | train | On iter step 21:, global step 5376 Loss-step [0.0959 0.0888 0.0071]
2026-03-19 10:58:29 | INFO | train | In dataset train: Loss is [0.0344 0.0326 0.0018]
2026-03-19 10:58:29 | INFO | train | task-0		Acc is 1.0000, F1 is 1.0000
2026-03-19 10:58:29 | INFO | train | task-0		F1-macro is 1.0000, F1-micro is 1.0000
2026-03-19 10:58:29 | INFO | train | task-0		Pre is 1.0000, Rec is 1.0000
2026-03-19 10:58:29 | INFO | train | task-0		C_M is 
[[606   0]
 [  0 594]]
2026-03-19 10:59:15 | INFO | train | In dataset valid: Loss is [0.0477 0.0470 0.0007]
2026-03-19 10:59:15 | INFO | train | task-0		Acc is 1.0000, F1 is 1.0000
2026-03-19 10:59:15 | INFO | train | task-0		F1-macro is 1.0000, F1-micro is 1.0000
2026-03-19 10:59:15 | INFO | train | task-0		Pre is 1.0000, Rec is 1.0000
2026-03-19 10:59:15 | INFO | train | task-0		C_M is 
[[428   0]
 [  0 172]]
2026-03-19 11:00:00 | INFO | train | In dataset test: Loss is [0.0476 0.0469 0.0008]
2026-03-19 11:00:00 | INFO | train | task-0		Acc is 1.0000, F1 is 1.0000
2026-03-19 11:00:00 | INFO | train | task-0		F1-macro is 1.0000, F1-micro is 1.0000
2026-03-19 11:00:00 | INFO | train | task-0		Pre is 1.0000, Rec is 1.0000
2026-03-19 11:00:00 | INFO | train | task-0		C_M is 
[[424   0]
 [  0 176]]
2026-03-19 11:00:00 | INFO | train | The best f1_macro util now is 1.0000, at step 19
2026-03-19 11:00:00 | INFO | train | The best f1_micro util now is 1.0000, at step 19
2026-03-19 11:02:38 | INFO | train | ----------------------------------------------------------------------------------
2026-03-19 11:02:38 | INFO | train | Time of iter training 157.81 s
2026-03-19 11:02:38 | INFO | train | On iter step 22:, global step 5632 Loss-step [0.0819 0.0717 0.0101]
2026-03-19 11:04:05 | INFO | train | In dataset train: Loss is [0.0776 0.0560 0.0216]
2026-03-19 11:04:05 | INFO | train | task-0		Acc is 0.9967, F1 is 0.9967
2026-03-19 11:04:05 | INFO | train | task-0		F1-macro is 0.9967, F1-micro is 0.9967
2026-03-19 11:04:05 | INFO | train | task-0		Pre is 0.9967, Rec is 0.9967
2026-03-19 11:04:05 | INFO | train | task-0		C_M is 
[[602   4]
 [  0 594]]
2026-03-19 11:04:50 | INFO | train | In dataset valid: Loss is [0.1333 0.0872 0.0461]
2026-03-19 11:04:50 | INFO | train | task-0		Acc is 0.9933, F1 is 0.9933
2026-03-19 11:04:50 | INFO | train | task-0		F1-macro is 0.9919, F1-micro is 0.9933
2026-03-19 11:04:50 | INFO | train | task-0		Pre is 0.9933, Rec is 0.9933
2026-03-19 11:04:50 | INFO | train | task-0		C_M is 
[[424   4]
 [  0 172]]
2026-03-19 11:05:36 | INFO | train | In dataset test: Loss is [0.1233 0.0763 0.0471]
2026-03-19 11:05:36 | INFO | train | task-0		Acc is 0.9933, F1 is 0.9933
2026-03-19 11:05:36 | INFO | train | task-0		F1-macro is 0.9920, F1-micro is 0.9933
2026-03-19 11:05:36 | INFO | train | task-0		Pre is 0.9933, Rec is 0.9933
2026-03-19 11:05:36 | INFO | train | task-0		C_M is 
[[420   4]
 [  0 176]]
2026-03-19 11:05:36 | INFO | train | The best f1_macro util now is 1.0000, at step 19
2026-03-19 11:05:36 | INFO | train | The best f1_micro util now is 1.0000, at step 19
2026-03-19 11:08:16 | INFO | train | ----------------------------------------------------------------------------------
2026-03-19 11:08:16 | INFO | train | Time of iter training 160.00 s
2026-03-19 11:08:16 | INFO | train | On iter step 23:, global step 5888 Loss-step [0.2980 0.2200 0.0780]
2026-03-19 11:09:44 | INFO | train | In dataset train: Loss is [0.1272 0.1059 0.0213]
2026-03-19 11:09:44 | INFO | train | task-0		Acc is 0.9992, F1 is 0.9992
2026-03-19 11:09:44 | INFO | train | task-0		F1-macro is 0.9992, F1-micro is 0.9992
2026-03-19 11:09:44 | INFO | train | task-0		Pre is 0.9992, Rec is 0.9992
2026-03-19 11:09:44 | INFO | train | task-0		C_M is 
[[605   1]
 [  0 594]]
2026-03-19 11:10:29 | INFO | train | In dataset valid: Loss is [0.1628 0.1311 0.0317]
2026-03-19 11:10:29 | INFO | train | task-0		Acc is 0.9983, F1 is 0.9983
2026-03-19 11:10:29 | INFO | train | task-0		F1-macro is 0.9980, F1-micro is 0.9983
2026-03-19 11:10:29 | INFO | train | task-0		Pre is 0.9983, Rec is 0.9983
2026-03-19 11:10:29 | INFO | train | task-0		C_M is 
[[427   1]
 [  0 172]]
2026-03-19 11:11:14 | INFO | train | In dataset test: Loss is [0.1708 0.1334 0.0374]
2026-03-19 11:11:14 | INFO | train | task-0		Acc is 0.9983, F1 is 0.9983
2026-03-19 11:11:14 | INFO | train | task-0		F1-macro is 0.9980, F1-micro is 0.9983
2026-03-19 11:11:14 | INFO | train | task-0		Pre is 0.9983, Rec is 0.9983
2026-03-19 11:11:14 | INFO | train | task-0		C_M is 
[[423   1]
 [  0 176]]
2026-03-19 11:11:14 | INFO | train | The best f1_macro util now is 1.0000, at step 19
2026-03-19 11:11:14 | INFO | train | The best f1_micro util now is 1.0000, at step 19
2026-03-19 11:13:52 | INFO | train | ----------------------------------------------------------------------------------
2026-03-19 11:13:52 | INFO | train | Time of iter training 158.24 s
2026-03-19 11:13:52 | INFO | train | On iter step 24:, global step 6144 Loss-step [0.0510 0.0452 0.0058]
2026-03-19 11:15:20 | INFO | train | In dataset train: Loss is [0.0085 0.0079 0.0006]
2026-03-19 11:15:20 | INFO | train | task-0		Acc is 1.0000, F1 is 1.0000
2026-03-19 11:15:20 | INFO | train | task-0		F1-macro is 1.0000, F1-micro is 1.0000
2026-03-19 11:15:20 | INFO | train | task-0		Pre is 1.0000, Rec is 1.0000
2026-03-19 11:15:20 | INFO | train | task-0		C_M is 
[[606   0]
 [  0 594]]
2026-03-19 11:16:07 | INFO | train | In dataset valid: Loss is [0.0308 0.0191 0.0117]
2026-03-19 11:16:07 | INFO | train | task-0		Acc is 1.0000, F1 is 1.0000
2026-03-19 11:16:07 | INFO | train | task-0		F1-macro is 1.0000, F1-micro is 1.0000
2026-03-19 11:16:07 | INFO | train | task-0		Pre is 1.0000, Rec is 1.0000
2026-03-19 11:16:07 | INFO | train | task-0		C_M is 
[[428   0]
 [  0 172]]
2026-03-19 11:16:53 | INFO | train | In dataset test: Loss is [0.0190 0.0157 0.0032]
2026-03-19 11:16:53 | INFO | train | task-0		Acc is 1.0000, F1 is 1.0000
2026-03-19 11:16:53 | INFO | train | task-0		F1-macro is 1.0000, F1-micro is 1.0000
2026-03-19 11:16:53 | INFO | train | task-0		Pre is 1.0000, Rec is 1.0000
2026-03-19 11:16:53 | INFO | train | task-0		C_M is 
[[424   0]
 [  0 176]]
2026-03-19 11:16:53 | INFO | train | The best f1_macro util now is 1.0000, at step 19
2026-03-19 11:16:53 | INFO | train | The best f1_micro util now is 1.0000, at step 19
2026-03-19 11:19:31 | INFO | train | ----------------------------------------------------------------------------------
2026-03-19 11:19:31 | INFO | train | Time of iter training 158.21 s
2026-03-19 11:19:31 | INFO | train | On iter step 25:, global step 6400 Loss-step [0.0039 0.0015 0.0024]
2026-03-19 11:20:59 | INFO | train | In dataset train: Loss is [0.0005 0.0002 0.0003]
2026-03-19 11:20:59 | INFO | train | task-0		Acc is 1.0000, F1 is 1.0000
2026-03-19 11:20:59 | INFO | train | task-0		F1-macro is 1.0000, F1-micro is 1.0000
2026-03-19 11:20:59 | INFO | train | task-0		Pre is 1.0000, Rec is 1.0000
2026-03-19 11:20:59 | INFO | train | task-0		C_M is 
[[606   0]
 [  0 594]]
2026-03-19 11:21:45 | INFO | train | In dataset valid: Loss is [0.0004 0.0002 0.0002]
2026-03-19 11:21:45 | INFO | train | task-0		Acc is 1.0000, F1 is 1.0000
2026-03-19 11:21:45 | INFO | train | task-0		F1-macro is 1.0000, F1-micro is 1.0000
2026-03-19 11:21:45 | INFO | train | task-0		Pre is 1.0000, Rec is 1.0000
2026-03-19 11:21:45 | INFO | train | task-0		C_M is 
[[428   0]
 [  0 172]]
2026-03-19 11:22:30 | INFO | train | In dataset test: Loss is [0.0015 0.0010 0.0006]
2026-03-19 11:22:30 | INFO | train | task-0		Acc is 1.0000, F1 is 1.0000
2026-03-19 11:22:30 | INFO | train | task-0		F1-macro is 1.0000, F1-micro is 1.0000
2026-03-19 11:22:30 | INFO | train | task-0		Pre is 1.0000, Rec is 1.0000
2026-03-19 11:22:30 | INFO | train | task-0		C_M is 
[[424   0]
 [  0 176]]
2026-03-19 11:22:30 | INFO | train | The best f1_macro util now is 1.0000, at step 19
2026-03-19 11:22:30 | INFO | train | The best f1_micro util now is 1.0000, at step 19
2026-03-19 11:25:08 | INFO | train | ----------------------------------------------------------------------------------
2026-03-19 11:25:08 | INFO | train | Time of iter training 158.29 s
2026-03-19 11:25:08 | INFO | train | On iter step 26:, global step 6656 Loss-step [0.0512 0.0440 0.0072]
2026-03-19 11:26:35 | INFO | train | In dataset train: Loss is [0.3999 0.3672 0.0328]
2026-03-19 11:26:35 | INFO | train | task-0		Acc is 0.9858, F1 is 0.9858
2026-03-19 11:26:35 | INFO | train | task-0		F1-macro is 0.9858, F1-micro is 0.9858
2026-03-19 11:26:35 | INFO | train | task-0		Pre is 0.9858, Rec is 0.9858
2026-03-19 11:26:35 | INFO | train | task-0		C_M is 
[[589  17]
 [  0 594]]
2026-03-19 11:27:23 | INFO | train | In dataset valid: Loss is [0.6152 0.5624 0.0528]
2026-03-19 11:27:23 | INFO | train | task-0		Acc is 0.9867, F1 is 0.9867
2026-03-19 11:27:23 | INFO | train | task-0		F1-macro is 0.9839, F1-micro is 0.9867
2026-03-19 11:27:23 | INFO | train | task-0		Pre is 0.9867, Rec is 0.9867
2026-03-19 11:27:23 | INFO | train | task-0		C_M is 
[[420   8]
 [  0 172]]
2026-03-19 11:28:09 | INFO | train | In dataset test: Loss is [0.4338 0.4016 0.0322]
2026-03-19 11:28:09 | INFO | train | task-0		Acc is 0.9817, F1 is 0.9817
2026-03-19 11:28:09 | INFO | train | task-0		F1-macro is 0.9783, F1-micro is 0.9817
2026-03-19 11:28:09 | INFO | train | task-0		Pre is 0.9817, Rec is 0.9817
2026-03-19 11:28:09 | INFO | train | task-0		C_M is 
[[413  11]
 [  0 176]]
2026-03-19 11:28:09 | INFO | train | The best f1_macro util now is 1.0000, at step 19
2026-03-19 11:28:09 | INFO | train | The best f1_micro util now is 1.0000, at step 19
2026-03-19 11:28:31 | INFO | deepnet.data.dataset_text | Read next training chunk, data size is 13339
2026-03-19 11:30:51 | INFO | train | ----------------------------------------------------------------------------------
2026-03-19 11:30:51 | INFO | train | Time of iter training 161.79 s
2026-03-19 11:30:51 | INFO | train | On iter step 27:, global step 6912 Loss-step [0.3042 0.2553 0.0489]
2026-03-19 11:32:18 | INFO | train | In dataset train: Loss is [0.1923 0.1438 0.0485]
2026-03-19 11:32:18 | INFO | train | task-0		Acc is 0.9667, F1 is 0.9667
2026-03-19 11:32:18 | INFO | train | task-0		F1-macro is 0.9666, F1-micro is 0.9667
2026-03-19 11:32:18 | INFO | train | task-0		Pre is 0.9667, Rec is 0.9667
2026-03-19 11:32:18 | INFO | train | task-0		C_M is 
[[606   0]
 [ 40 554]]
2026-03-19 11:33:03 | INFO | train | In dataset valid: Loss is [0.1872 0.1555 0.0317]
2026-03-19 11:33:03 | INFO | train | task-0		Acc is 0.9850, F1 is 0.9850
2026-03-19 11:33:03 | INFO | train | task-0		F1-macro is 0.9814, F1-micro is 0.9850
2026-03-19 11:33:03 | INFO | train | task-0		Pre is 0.9850, Rec is 0.9850
2026-03-19 11:33:03 | INFO | train | task-0		C_M is 
[[428   0]
 [  9 163]]
2026-03-19 11:33:48 | INFO | train | In dataset test: Loss is [0.2027 0.1653 0.0374]
2026-03-19 11:33:48 | INFO | train | task-0		Acc is 0.9783, F1 is 0.9783
2026-03-19 11:33:48 | INFO | train | task-0		F1-macro is 0.9734, F1-micro is 0.9783
2026-03-19 11:33:48 | INFO | train | task-0		Pre is 0.9783, Rec is 0.9783
2026-03-19 11:33:48 | INFO | train | task-0		C_M is 
[[423   1]
 [ 12 164]]
2026-03-19 11:33:48 | INFO | train | The best f1_macro util now is 1.0000, at step 19
2026-03-19 11:33:48 | INFO | train | The best f1_micro util now is 1.0000, at step 19
2026-03-19 11:36:30 | INFO | train | ----------------------------------------------------------------------------------
2026-03-19 11:36:30 | INFO | train | Time of iter training 161.74 s
2026-03-19 11:36:30 | INFO | train | On iter step 28:, global step 7168 Loss-step [0.1856 0.1339 0.0516]
2026-03-19 11:38:02 | INFO | train | In dataset train: Loss is [0.1926 0.1439 0.0487]
2026-03-19 11:38:02 | INFO | train | task-0		Acc is 0.9667, F1 is 0.9667
2026-03-19 11:38:02 | INFO | train | task-0		F1-macro is 0.9666, F1-micro is 0.9667
2026-03-19 11:38:02 | INFO | train | task-0		Pre is 0.9667, Rec is 0.9667
2026-03-19 11:38:02 | INFO | train | task-0		C_M is 
[[606   0]
 [ 40 554]]
2026-03-19 11:38:49 | INFO | train | In dataset valid: Loss is [0.1754 0.1511 0.0243]
2026-03-19 11:38:49 | INFO | train | task-0		Acc is 0.9850, F1 is 0.9850
2026-03-19 11:38:49 | INFO | train | task-0		F1-macro is 0.9814, F1-micro is 0.9850
2026-03-19 11:38:49 | INFO | train | task-0		Pre is 0.9850, Rec is 0.9850
2026-03-19 11:38:49 | INFO | train | task-0		C_M is 
[[428   0]
 [  9 163]]
2026-03-19 11:39:36 | INFO | train | In dataset test: Loss is [0.1866 0.1587 0.0279]
2026-03-19 11:39:36 | INFO | train | task-0		Acc is 0.9783, F1 is 0.9783
2026-03-19 11:39:36 | INFO | train | task-0		F1-macro is 0.9734, F1-micro is 0.9783
2026-03-19 11:39:36 | INFO | train | task-0		Pre is 0.9783, Rec is 0.9783
2026-03-19 11:39:36 | INFO | train | task-0		C_M is 
[[423   1]
 [ 12 164]]
2026-03-19 11:39:36 | INFO | train | The best f1_macro util now is 1.0000, at step 19
2026-03-19 11:39:36 | INFO | train | The best f1_micro util now is 1.0000, at step 19
2026-03-19 11:42:17 | INFO | train | ----------------------------------------------------------------------------------
2026-03-19 11:42:17 | INFO | train | Time of iter training 160.69 s
2026-03-19 11:42:17 | INFO | train | On iter step 29:, global step 7424 Loss-step [0.1966 0.1485 0.0481]
2026-03-19 11:43:47 | INFO | train | In dataset train: Loss is [0.1777 0.1334 0.0443]
2026-03-19 11:43:47 | INFO | train | task-0		Acc is 0.9667, F1 is 0.9667
2026-03-19 11:43:47 | INFO | train | task-0		F1-macro is 0.9666, F1-micro is 0.9667
2026-03-19 11:43:47 | INFO | train | task-0		Pre is 0.9667, Rec is 0.9667
2026-03-19 11:43:47 | INFO | train | task-0		C_M is 
[[606   0]
 [ 40 554]]
2026-03-19 11:44:36 | INFO | train | In dataset valid: Loss is [0.1568 0.1335 0.0233]
2026-03-19 11:44:36 | INFO | train | task-0		Acc is 0.9850, F1 is 0.9850
2026-03-19 11:44:36 | INFO | train | task-0		F1-macro is 0.9814, F1-micro is 0.9850
2026-03-19 11:44:36 | INFO | train | task-0		Pre is 0.9850, Rec is 0.9850
2026-03-19 11:44:36 | INFO | train | task-0		C_M is 
[[428   0]
 [  9 163]]
2026-03-19 11:45:22 | INFO | train | In dataset test: Loss is [0.1707 0.1439 0.0268]
2026-03-19 11:45:22 | INFO | train | task-0		Acc is 0.9783, F1 is 0.9783
2026-03-19 11:45:22 | INFO | train | task-0		F1-macro is 0.9734, F1-micro is 0.9783
2026-03-19 11:45:22 | INFO | train | task-0		Pre is 0.9783, Rec is 0.9783
2026-03-19 11:45:22 | INFO | train | task-0		C_M is 
[[423   1]
 [ 12 164]]
2026-03-19 11:45:22 | INFO | train | The best f1_macro util now is 1.0000, at step 19
2026-03-19 11:45:22 | INFO | train | The best f1_micro util now is 1.0000, at step 19
2026-03-19 11:48:03 | INFO | train | ----------------------------------------------------------------------------------
2026-03-19 11:48:03 | INFO | train | Time of iter training 161.03 s
2026-03-19 11:48:03 | INFO | train | On iter step 30:, global step 7680 Loss-step [0.1668 0.1266 0.0402]
2026-03-19 11:49:31 | INFO | train | In dataset train: Loss is [0.1859 0.1433 0.0426]
2026-03-19 11:49:31 | INFO | train | task-0		Acc is 0.9842, F1 is 0.9842
2026-03-19 11:49:31 | INFO | train | task-0		F1-macro is 0.9842, F1-micro is 0.9842
2026-03-19 11:49:31 | INFO | train | task-0		Pre is 0.9842, Rec is 0.9842
2026-03-19 11:49:31 | INFO | train | task-0		C_M is 
[[606   0]
 [ 19 575]]
2026-03-19 11:50:17 | INFO | train | In dataset valid: Loss is [0.1680 0.1443 0.0237]
2026-03-19 11:50:17 | INFO | train | task-0		Acc is 0.9900, F1 is 0.9900
2026-03-19 11:50:17 | INFO | train | task-0		F1-macro is 0.9876, F1-micro is 0.9900
2026-03-19 11:50:17 | INFO | train | task-0		Pre is 0.9900, Rec is 0.9900
2026-03-19 11:50:17 | INFO | train | task-0		C_M is 
[[428   0]
 [  6 166]]
2026-03-19 11:51:03 | INFO | train | In dataset test: Loss is [0.1832 0.1570 0.0261]
2026-03-19 11:51:03 | INFO | train | task-0		Acc is 0.9883, F1 is 0.9883
2026-03-19 11:51:03 | INFO | train | task-0		F1-macro is 0.9858, F1-micro is 0.9883
2026-03-19 11:51:03 | INFO | train | task-0		Pre is 0.9883, Rec is 0.9883
2026-03-19 11:51:03 | INFO | train | task-0		C_M is 
[[423   1]
 [  6 170]]
2026-03-19 11:51:03 | INFO | train | The best f1_macro util now is 1.0000, at step 19
2026-03-19 11:51:03 | INFO | train | The best f1_micro util now is 1.0000, at step 19
2026-03-19 11:53:41 | INFO | train | ----------------------------------------------------------------------------------
2026-03-19 11:53:41 | INFO | train | Time of iter training 158.66 s
2026-03-19 11:53:41 | INFO | train | On iter step 31:, global step 7936 Loss-step [0.2252 0.1746 0.0506]
2026-03-19 11:55:09 | INFO | train | In dataset train: Loss is [0.1790 0.1264 0.0525]
2026-03-19 11:55:09 | INFO | train | task-0		Acc is 0.9833, F1 is 0.9833
2026-03-19 11:55:09 | INFO | train | task-0		F1-macro is 0.9833, F1-micro is 0.9833
2026-03-19 11:55:09 | INFO | train | task-0		Pre is 0.9833, Rec is 0.9833
2026-03-19 11:55:09 | INFO | train | task-0		C_M is 
[[605   1]
 [ 19 575]]
2026-03-19 11:55:55 | INFO | train | In dataset valid: Loss is [0.2041 0.1775 0.0266]
2026-03-19 11:55:55 | INFO | train | task-0		Acc is 0.9883, F1 is 0.9883
2026-03-19 11:55:55 | INFO | train | task-0		F1-macro is 0.9856, F1-micro is 0.9883
2026-03-19 11:55:55 | INFO | train | task-0		Pre is 0.9883, Rec is 0.9883
2026-03-19 11:55:55 | INFO | train | task-0		C_M is 
[[427   1]
 [  6 166]]
2026-03-19 11:56:40 | INFO | train | In dataset test: Loss is [0.1946 0.1673 0.0273]
2026-03-19 11:56:40 | INFO | train | task-0		Acc is 0.9900, F1 is 0.9900
2026-03-19 11:56:40 | INFO | train | task-0		F1-macro is 0.9878, F1-micro is 0.9900
2026-03-19 11:56:40 | INFO | train | task-0		Pre is 0.9900, Rec is 0.9900
2026-03-19 11:56:40 | INFO | train | task-0		C_M is 
[[424   0]
 [  6 170]]
2026-03-19 11:56:40 | INFO | train | The best f1_macro util now is 1.0000, at step 19
2026-03-19 11:56:40 | INFO | train | The best f1_micro util now is 1.0000, at step 19
2026-03-19 11:59:19 | INFO | train | ----------------------------------------------------------------------------------
2026-03-19 11:59:19 | INFO | train | Time of iter training 158.65 s
2026-03-19 11:59:19 | INFO | train | On iter step 32:, global step 8192 Loss-step [0.2325 0.1680 0.0645]
2026-03-19 12:00:48 | INFO | train | In dataset train: Loss is [0.1632 0.1119 0.0513]
2026-03-19 12:00:48 | INFO | train | task-0		Acc is 0.9667, F1 is 0.9667
2026-03-19 12:00:48 | INFO | train | task-0		F1-macro is 0.9666, F1-micro is 0.9667
2026-03-19 12:00:48 | INFO | train | task-0		Pre is 0.9667, Rec is 0.9667
2026-03-19 12:00:48 | INFO | train | task-0		C_M is 
[[606   0]
 [ 40 554]]
2026-03-19 12:01:33 | INFO | train | In dataset valid: Loss is [0.1200 0.0948 0.0251]
2026-03-19 12:01:33 | INFO | train | task-0		Acc is 0.9850, F1 is 0.9850
2026-03-19 12:01:33 | INFO | train | task-0		F1-macro is 0.9814, F1-micro is 0.9850
2026-03-19 12:01:33 | INFO | train | task-0		Pre is 0.9850, Rec is 0.9850
2026-03-19 12:01:33 | INFO | train | task-0		C_M is 
[[428   0]
 [  9 163]]
2026-03-19 12:02:19 | INFO | train | In dataset test: Loss is [0.1308 0.1020 0.0287]
2026-03-19 12:02:19 | INFO | train | task-0		Acc is 0.9800, F1 is 0.9800
2026-03-19 12:02:19 | INFO | train | task-0		F1-macro is 0.9754, F1-micro is 0.9800
2026-03-19 12:02:19 | INFO | train | task-0		Pre is 0.9800, Rec is 0.9800
2026-03-19 12:02:19 | INFO | train | task-0		C_M is 
[[424   0]
 [ 12 164]]
2026-03-19 12:02:19 | INFO | train | The best f1_macro util now is 1.0000, at step 19
2026-03-19 12:02:19 | INFO | train | The best f1_micro util now is 1.0000, at step 19
2026-03-19 12:05:01 | INFO | train | ----------------------------------------------------------------------------------
2026-03-19 12:05:01 | INFO | train | Time of iter training 161.57 s
2026-03-19 12:05:01 | INFO | train | On iter step 33:, global step 8448 Loss-step [0.1881 0.1273 0.0608]
2026-03-19 12:06:32 | INFO | train | In dataset train: Loss is [0.2508 0.1517 0.0991]
2026-03-19 12:06:32 | INFO | train | task-0		Acc is 0.9667, F1 is 0.9667
2026-03-19 12:06:32 | INFO | train | task-0		F1-macro is 0.9666, F1-micro is 0.9667
2026-03-19 12:06:32 | INFO | train | task-0		Pre is 0.9667, Rec is 0.9667
2026-03-19 12:06:32 | INFO | train | task-0		C_M is 
[[606   0]
 [ 40 554]]
